Mar 30, 2026 1:07:21 PM com.sun.javafx.application.PlatformImpl startup
WARNING: Unsupported JavaFX configuration: classes were loaded from 'unnamed module @1c441e3a'
java.lang.NoClassDefFoundError: sun/misc/Unsafe
	at com.sun.marlin.OffHeapArray$1.run(OffHeapArray.java:51)
	at com.sun.marlin.OffHeapArray$1.run(OffHeapArray.java:46)
	at java.base/java.security.AccessController.doPrivileged(AccessController.java:318)
	at com.sun.marlin.OffHeapArray.<clinit>(OffHeapArray.java:46)
	at com.sun.marlin.Renderer.<clinit>(Renderer.java:53)
	at com.sun.marlin.DMarlinRenderingEngine.logSettings(DMarlinRenderingEngine.java:232)
	at com.sun.marlin.DMarlinRenderingEngine.<clinit>(DMarlinRenderingEngine.java:114)
	at com.sun.prism.impl.shape.DMarlinRasterizer.getMaskData(DMarlinRasterizer.java:80)
	at com.sun.prism.impl.shape.ShapeUtil.rasterizeShape(ShapeUtil.java:55)
	at com.sun.prism.impl.ps.BaseShaderGraphics.renderShape(BaseShaderGraphics.java:463)
	at com.sun.prism.impl.BaseGraphics.fill(BaseGraphics.java:385)
	at com.sun.javafx.sg.prism.NGRegion.renderBackgroundRectanglesDirectly(NGRegion.java:1134)
	at com.sun.javafx.sg.prism.NGRegion.renderBackgroundRectangle(NGRegion.java:834)
	at com.sun.javafx.sg.prism.NGRegion.renderAsRectangle(NGRegion.java:754)
	at com.sun.javafx.sg.prism.NGRegion.renderContent(NGRegion.java:575)
	at com.sun.javafx.sg.prism.NGNode.doRender(NGNode.java:2072)
	at com.sun.javafx.sg.prism.NGNode.render(NGNode.java:1964)
	at com.sun.javafx.sg.prism.NGGroup.renderContent(NGGroup.java:270)
	at com.sun.javafx.sg.prism.NGRegion.renderContent(NGRegion.java:579)
	at com.sun.javafx.sg.prism.NGNode.doRender(NGNode.java:2072)
	at com.sun.javafx.sg.prism.NGNode.render(NGNode.java:1964)
	at com.sun.javafx.tk.quantum.ViewPainter.doPaint(ViewPainter.java:480)
	at com.sun.javafx.tk.quantum.ViewPainter.paintImpl(ViewPainter.java:329)
	at com.sun.javafx.tk.quantum.PresentingPainter.run(PresentingPainter.java:92)
	at java.base/java.util.concurrent.Executors$RunnableAdapter.call(Executors.java:539)
	at java.base/java.util.concurrent.FutureTask.runAndReset(FutureTask.java:305)
	at com.sun.javafx.tk.RenderJob.run(RenderJob.java:58)
	at java.base/java.util.concurrent.ThreadPoolExecutor.runWorker(ThreadPoolExecutor.java:1136)
	at java.base/java.util.concurrent.ThreadPoolExecutor$Worker.run(ThreadPoolExecutor.java:635)
	at com.sun.javafx.tk.quantum.QuantumRenderer$PipelineRunnable.run(QuantumRenderer.java:126)
	at java.base/java.lang.Thread.run(Thread.java:840)
Caused by: java.lang.ClassNotFoundException: sun.misc.Unsafe
	at java.base/jdk.internal.loader.BuiltinClassLoader.loadClass(BuiltinClassLoader.java:641)
	at java.base/jdk.internal.loader.ClassLoaders$AppClassLoader.loadClass(ClassLoaders.java:188)
	at java.base/java.lang.ClassLoader.loadClass(ClassLoader.java:525)
	... 31 more
java.lang.NoClassDefFoundError: Could not initialize class com.sun.marlin.DMarlinRenderingEngine
	at com.sun.prism.impl.shape.DMarlinRasterizer.getMaskData(DMarlinRasterizer.java:80)
	at com.sun.prism.impl.shape.ShapeUtil.rasterizeShape(ShapeUtil.java:55)
	at com.sun.prism.impl.ps.BaseShaderGraphics.renderShape(BaseShaderGraphics.java:463)
	at com.sun.prism.impl.BaseGraphics.fill(BaseGraphics.java:385)
	at com.sun.prism.impl.ps.CachingShapeRepState.fillNoCache(CachingShapeRep.java:403)
	at com.sun.prism.impl.ps.CachingShapeRepState.render(CachingShapeRep.java:503)
	at com.sun.prism.impl.ps.CachingShapeRep.fill(CachingShapeRep.java:106)
	at com.sun.javafx.sg.prism.NGShape.renderContent2D(NGShape.java:288)
	at com.sun.javafx.sg.prism.NGShape.renderContent(NGShape.java:261)
	at com.sun.javafx.sg.prism.NGNode.doRender(NGNode.java:2072)
	at com.sun.javafx.sg.prism.NGNode.render(NGNode.java:1964)
	at com.sun.javafx.sg.prism.NGGroup.renderContent(NGGroup.java:270)
	at com.sun.javafx.sg.prism.NGNode.doRender(NGNode.java:2072)
	at com.sun.javafx.sg.prism.NGNode.render(NGNode.java:1964)
	at com.sun.javafx.sg.prism.NGGroup.renderContent(NGGroup.java:270)
	at com.sun.javafx.sg.prism.NGRegion.renderContent(NGRegion.java:579)
	at com.sun.javafx.sg.prism.NGNode.renderForClip(NGNode.java:2313)
	at com.sun.javafx.sg.prism.NGNode.renderRectClip(NGNode.java:2207)
	at com.sun.javafx.sg.prism.NGNode.renderClip(NGNode.java:2233)
	at com.sun.javafx.sg.prism.NGNode.doRender(NGNode.java:2066)
	at com.sun.javafx.sg.prism.NGNode.render(NGNode.java:1964)
	at com.sun.javafx.sg.prism.NGGroup.renderContent(NGGroup.java:270)
	at com.sun.javafx.sg.prism.NGRegion.renderContent(NGRegion.java:579)
	at com.sun.javafx.sg.prism.NGNode.doRender(NGNode.java:2072)
	at com.sun.javafx.sg.prism.NGNode.render(NGNode.java:1964)
	at com.sun.javafx.sg.prism.NGGroup.renderContent(NGGroup.java:270)
	at com.sun.javafx.sg.prism.NGRegion.renderContent(NGRegion.java:579)
	at com.sun.javafx.sg.prism.NGNode.doRender(NGNode.java:2072)
	at com.sun.javafx.sg.prism.NGNode.render(NGNode.java:1964)
	at com.sun.javafx.tk.quantum.ViewPainter.doPaint(ViewPainter.java:480)
	at com.sun.javafx.tk.quantum.ViewPainter.paintImpl(ViewPainter.java:329)
	at com.sun.javafx.tk.quantum.PresentingPainter.run(PresentingPainter.java:92)
	at java.base/java.util.concurrent.Executors$RunnableAdapter.call(Executors.java:539)
	at java.base/java.util.concurrent.FutureTask.runAndReset(FutureTask.java:305)
	at com.sun.javafx.tk.RenderJob.run(RenderJob.java:58)
	at java.base/java.util.concurrent.ThreadPoolExecutor.runWorker(ThreadPoolExecutor.java:1136)
	at java.base/java.util.concurrent.ThreadPoolExecutor$Worker.run(ThreadPoolExecutor.java:635)
	at com.sun.javafx.tk.quantum.QuantumRenderer$PipelineRunnable.run(QuantumRenderer.java:126)
	at java.base/java.lang.Thread.run(Thread.java:840)
Caused by: java.lang.ExceptionInInitializerError: Exception java.lang.NoClassDefFoundError: sun/misc/Unsafe [in thread "QuantumRenderer-0"]
	at com.sun.marlin.OffHeapArray$1.run(OffHeapArray.java:51)
	at com.sun.marlin.OffHeapArray$1.run(OffHeapArray.java:46)
	at java.base/java.security.AccessController.doPrivileged(AccessController.java:318)
	at com.sun.marlin.OffHeapArray.<clinit>(OffHeapArray.java:46)
	at com.sun.marlin.Renderer.<clinit>(Renderer.java:53)
	at com.sun.marlin.DMarlinRenderingEngine.logSettings(DMarlinRenderingEngine.java:232)
	at com.sun.marlin.DMarlinRenderingEngine.<clinit>(DMarlinRenderingEngine.java:114)
	at com.sun.prism.impl.shape.DMarlinRasterizer.getMaskData(DMarlinRasterizer.java:80)
	at com.sun.prism.impl.shape.ShapeUtil.rasterizeShape(ShapeUtil.java:55)
	at com.sun.prism.impl.ps.BaseShaderGraphics.renderShape(BaseShaderGraphics.java:463)
	at com.sun.prism.impl.BaseGraphics.fill(BaseGraphics.java:385)
	at com.sun.javafx.sg.prism.NGRegion.renderBackgroundRectanglesDirectly(NGRegion.java:1134)
	at com.sun.javafx.sg.prism.NGRegion.renderBackgroundRectangle(NGRegion.java:834)
	at com.sun.javafx.sg.prism.NGRegion.renderAsRectangle(NGRegion.java:754)
	at com.sun.javafx.sg.prism.NGRegion.renderContent(NGRegion.java:575)
	... 16 more
java.lang.NoClassDefFoundError: Could not initialize class com.sun.marlin.DMarlinRenderingEngine
	at com.sun.prism.impl.shape.DMarlinRasterizer.getMaskData(DMarlinRasterizer.java:80)
	at com.sun.prism.impl.shape.ShapeUtil.rasterizeShape(ShapeUtil.java:55)
	at com.sun.prism.impl.ps.BaseShaderGraphics.renderShape(BaseShaderGraphics.java:463)
	at com.sun.prism.impl.BaseGraphics.fill(BaseGraphics.java:385)
	at com.sun.javafx.sg.prism.NGRegion.renderBackgroundRectanglesDirectly(NGRegion.java:1134)
	at com.sun.javafx.sg.prism.NGRegion.renderBackgroundRectangle(NGRegion.java:834)
	at com.sun.javafx.sg.prism.NGRegion.renderAsRectangle(NGRegion.java:754)
	at com.sun.javafx.sg.prism.NGRegion.renderContent(NGRegion.java:575)
	at com.sun.javafx.sg.prism.NGNode.doRender(NGNode.java:2072)
	at com.sun.javafx.sg.prism.NGNode.render(NGNode.java:1964)
	at com.sun.javafx.sg.prism.NGGroup.renderContent(NGGroup.java:270)
	at com.sun.javafx.sg.prism.NGRegion.renderContent(NGRegion.java:579)
	at com.sun.javafx.sg.prism.NGNode.doRender(NGNode.java:2072)
	at com.sun.javafx.sg.prism.NGNode.render(NGNode.java:1964)
	at com.sun.javafx.tk.quantum.ViewPainter.doPaint(ViewPainter.java:480)
	at com.sun.javafx.tk.quantum.ViewPainter.paintImpl(ViewPainter.java:329)
	at com.sun.javafx.tk.quantum.PresentingPainter.run(PresentingPainter.java:92)
	at java.base/java.util.concurrent.Executors$RunnableAdapter.call(Executors.java:539)
	at java.base/java.util.concurrent.FutureTask.runAndReset(FutureTask.java:305)
	at com.sun.javafx.tk.RenderJob.run(RenderJob.java:58)
	at java.base/java.util.concurrent.ThreadPoolExecutor.runWorker(ThreadPoolExecutor.java:1136)
	at java.base/java.util.concurrent.ThreadPoolExecutor$Worker.run(ThreadPoolExecutor.java:635)
	at com.sun.javafx.tk.quantum.QuantumRenderer$PipelineRunnable.run(QuantumRenderer.java:126)
	at java.base/java.lang.Thread.run(Thread.java:840)
Caused by: java.lang.ExceptionInInitializerError: Exception java.lang.NoClassDefFoundError: sun/misc/Unsafe [in thread "QuantumRenderer-0"]
	at com.sun.marlin.OffHeapArray$1.run(OffHeapArray.java:51)
	at com.sun.marlin.OffHeapArray$1.run(OffHeapArray.java:46)
	at java.base/java.security.AccessController.doPrivileged(AccessController.java:318)
	at com.sun.marlin.OffHeapArray.<clinit>(OffHeapArray.java:46)
	at com.sun.marlin.Renderer.<clinit>(Renderer.java:53)
	at com.sun.marlin.DMarlinRenderingEngine.logSettings(DMarlinRenderingEngine.java:232)
	at com.sun.marlin.DMarlinRenderingEngine.<clinit>(DMarlinRenderingEngine.java:114)
	... 24 more
java.lang.NoClassDefFoundError: Could not initialize class com.sun.marlin.DMarlinRenderingEngine
	at com.sun.prism.impl.shape.DMarlinRasterizer.getMaskData(DMarlinRasterizer.java:80)
	at com.sun.prism.impl.shape.ShapeUtil.rasterizeShape(ShapeUtil.java:55)
	at com.sun.prism.impl.ps.BaseShaderGraphics.renderShape(BaseShaderGraphics.java:463)
	at com.sun.prism.impl.BaseGraphics.fill(BaseGraphics.java:385)
	at com.sun.prism.impl.ps.CachingShapeRepState.fillNoCache(CachingShapeRep.java:403)
	at com.sun.prism.impl.ps.CachingShapeRepState.render(CachingShapeRep.java:503)
	at com.sun.prism.impl.ps.CachingShapeRep.fill(CachingShapeRep.java:106)
	at com.sun.javafx.sg.prism.NGShape.renderContent2D(NGShape.java:288)
	at com.sun.javafx.sg.prism.NGShape.renderContent(NGShape.java:261)
	at com.sun.javafx.sg.prism.NGNode.doRender(NGNode.java:2072)
	at com.sun.javafx.sg.prism.NGNode.render(NGNode.java:1964)
	at com.sun.javafx.sg.prism.NGGroup.renderContent(NGGroup.java:270)
	at com.sun.javafx.sg.prism.NGNode.doRender(NGNode.java:2072)
	at com.sun.javafx.sg.prism.NGNode.render(NGNode.java:1964)
	at com.sun.javafx.sg.prism.NGGroup.renderContent(NGGroup.java:270)
	at com.sun.javafx.sg.prism.NGRegion.renderContent(NGRegion.java:579)
	at com.sun.javafx.sg.prism.NGNode.renderForClip(NGNode.java:2313)
	at com.sun.javafx.sg.prism.NGNode.renderRectClip(NGNode.java:2207)
	at com.sun.javafx.sg.prism.NGNode.renderClip(NGNode.java:2233)
	at com.sun.javafx.sg.prism.NGNode.doRender(NGNode.java:2066)
	at com.sun.javafx.sg.prism.NGNode.render(NGNode.java:1964)
	at com.sun.javafx.sg.prism.NGGroup.renderContent(NGGroup.java:270)
	at com.sun.javafx.sg.prism.NGRegion.renderContent(NGRegion.java:579)
	at com.sun.javafx.sg.prism.NGNode.doRender(NGNode.java:2072)
	at com.sun.javafx.sg.prism.NGNode.render(NGNode.java:1964)
	at com.sun.javafx.sg.prism.NGGroup.renderContent(NGGroup.java:270)
	at com.sun.javafx.sg.prism.NGRegion.renderContent(NGRegion.java:579)
	at com.sun.javafx.sg.prism.NGNode.doRender(NGNode.java:2072)
	at com.sun.javafx.sg.prism.NGNode.render(NGNode.java:1964)
	at com.sun.javafx.tk.quantum.ViewPainter.doPaint(ViewPainter.java:480)
	at com.sun.javafx.tk.quantum.ViewPainter.paintImpl(ViewPainter.java:329)
	at com.sun.javafx.tk.quantum.PresentingPainter.run(PresentingPainter.java:92)
	at java.base/java.util.concurrent.Executors$RunnableAdapter.call(Executors.java:539)
	at java.base/java.util.concurrent.FutureTask.runAndReset(FutureTask.java:305)
	at com.sun.javafx.tk.RenderJob.run(RenderJob.java:58)
	at java.base/java.util.concurrent.ThreadPoolExecutor.runWorker(ThreadPoolExecutor.java:1136)
	at java.base/java.util.concurrent.ThreadPoolExecutor$Worker.run(ThreadPoolExecutor.java:635)
	at com.sun.javafx.tk.quantum.QuantumRenderer$PipelineRunnable.run(QuantumRenderer.java:126)
	at java.base/java.lang.Thread.run(Thread.java:840)
Caused by: java.lang.ExceptionInInitializerError: Exception java.lang.NoClassDefFoundError: sun/misc/Unsafe [in thread "QuantumRenderer-0"]
	at com.sun.marlin.OffHeapArray$1.run(OffHeapArray.java:51)
	at com.sun.marlin.OffHeapArray$1.run(OffHeapArray.java:46)
	at java.base/java.security.AccessController.doPrivileged(AccessController.java:318)
	at com.sun.marlin.OffHeapArray.<clinit>(OffHeapArray.java:46)
	at com.sun.marlin.Renderer.<clinit>(Renderer.java:53)
	at com.sun.marlin.DMarlinRenderingEngine.logSettings(DMarlinRenderingEngine.java:232)
	at com.sun.marlin.DMarlinRenderingEngine.<clinit>(DMarlinRenderingEngine.java:114)
	at com.sun.prism.impl.shape.DMarlinRasterizer.getMaskData(DMarlinRasterizer.java:80)
	at com.sun.prism.impl.shape.ShapeUtil.rasterizeShape(ShapeUtil.java:55)
	at com.sun.prism.impl.ps.BaseShaderGraphics.renderShape(BaseShaderGraphics.java:463)
	at com.sun.prism.impl.BaseGraphics.fill(BaseGraphics.java:385)
	at com.sun.javafx.sg.prism.NGRegion.renderBackgroundRectanglesDirectly(NGRegion.java:1134)
	at com.sun.javafx.sg.prism.NGRegion.renderBackgroundRectangle(NGRegion.java:834)
	at com.sun.javafx.sg.prism.NGRegion.renderAsRectangle(NGRegion.java:754)
	at com.sun.javafx.sg.prism.NGRegion.renderContent(NGRegion.java:575)
	... 16 more
java.lang.NoClassDefFoundError: Could not initialize class com.sun.marlin.DMarlinRenderingEngine
	at com.sun.prism.impl.shape.DMarlinRasterizer.getMaskData(DMarlinRasterizer.java:80)
	at com.sun.prism.impl.shape.ShapeUtil.rasterizeShape(ShapeUtil.java:55)
	at com.sun.prism.impl.ps.BaseShaderGraphics.renderShape(BaseShaderGraphics.java:463)
	at com.sun.prism.impl.BaseGraphics.fill(BaseGraphics.java:385)
	at com.sun.javafx.sg.prism.NGRegion.renderBackgroundRectanglesDirectly(NGRegion.java:1134)
	at com.sun.javafx.sg.prism.NGRegion.renderBackgroundRectangle(NGRegion.java:834)
	at com.sun.javafx.sg.prism.NGRegion.renderAsRectangle(NGRegion.java:754)
	at com.sun.javafx.sg.prism.NGRegion.renderContent(NGRegion.java:575)
	at com.sun.javafx.sg.prism.NGNode.doRender(NGNode.java:2072)
	at com.sun.javafx.sg.prism.NGNode.render(NGNode.java:1964)
	at com.sun.javafx.sg.prism.NGGroup.renderContent(NGGroup.java:270)
	at com.sun.javafx.sg.prism.NGRegion.renderContent(NGRegion.java:579)
	at com.sun.javafx.sg.prism.NGNode.doRender(NGNode.java:2072)
	at com.sun.javafx.sg.prism.NGNode.render(NGNode.java:1964)
	at com.sun.javafx.tk.quantum.ViewPainter.doPaint(ViewPainter.java:480)
	at com.sun.javafx.tk.quantum.ViewPainter.paintImpl(ViewPainter.java:329)
	at com.sun.javafx.tk.quantum.PresentingPainter.run(PresentingPainter.java:92)
	at java.base/java.util.concurrent.Executors$RunnableAdapter.call(Executors.java:539)
	at java.base/java.util.concurrent.FutureTask.runAndReset(FutureTask.java:305)
	at com.sun.javafx.tk.RenderJob.run(RenderJob.java:58)
	at java.base/java.util.concurrent.ThreadPoolExecutor.runWorker(ThreadPoolExecutor.java:1136)
	at java.base/java.util.concurrent.ThreadPoolExecutor$Worker.run(ThreadPoolExecutor.java:635)
	at com.sun.javafx.tk.quantum.QuantumRenderer$PipelineRunnable.run(QuantumRenderer.java:126)
	at java.base/java.lang.Thread.run(Thread.java:840)
Caused by: java.lang.ExceptionInInitializerError: Exception java.lang.NoClassDefFoundError: sun/misc/Unsafe [in thread "QuantumRenderer-0"]
	at com.sun.marlin.OffHeapArray$1.run(OffHeapArray.java:51)
	at com.sun.marlin.OffHeapArray$1.run(OffHeapArray.java:46)
	at java.base/java.security.AccessController.doPrivileged(AccessController.java:318)
	at com.sun.marlin.OffHeapArray.<clinit>(OffHeapArray.java:46)
	at com.sun.marlin.Renderer.<clinit>(Renderer.java:53)
	at com.sun.marlin.DMarlinRenderingEngine.logSettings(DMarlinRenderingEngine.java:232)
	at com.sun.marlin.DMarlinRenderingEngine.<clinit>(DMarlinRenderingEngine.java:114)
	... 24 more
java.lang.NoClassDefFoundError: Could not initialize class com.sun.marlin.DMarlinRenderingEngine
	at com.sun.prism.impl.shape.DMarlinRasterizer.getMaskData(DMarlinRasterizer.java:80)
	at com.sun.prism.impl.shape.ShapeUtil.rasterizeShape(ShapeUtil.java:55)
	at com.sun.prism.impl.ps.BaseShaderGraphics.renderShape(BaseShaderGraphics.java:463)
	at com.sun.prism.impl.BaseGraphics.fill(BaseGraphics.java:385)
	at com.sun.prism.impl.ps.CachingShapeRepState.fillNoCache(CachingShapeRep.java:403)
	at com.sun.prism.impl.ps.CachingShapeRepState.render(CachingShapeRep.java:503)
	at com.sun.prism.impl.ps.CachingShapeRep.fill(CachingShapeRep.java:106)
	at com.sun.javafx.sg.prism.NGShape.renderContent2D(NGShape.java:288)
	at com.sun.javafx.sg.prism.NGShape.renderContent(NGShape.java:261)
	at com.sun.javafx.sg.prism.NGNode.doRender(NGNode.java:2072)
	at com.sun.javafx.sg.prism.NGNode.render(NGNode.java:1964)
	at com.sun.javafx.sg.prism.NGGroup.renderContent(NGGroup.java:270)
	at com.sun.javafx.sg.prism.NGNode.doRender(NGNode.java:2072)
	at com.sun.javafx.sg.prism.NGNode.render(NGNode.java:1964)
	at com.sun.javafx.sg.prism.NGGroup.renderContent(NGGroup.java:270)
	at com.sun.javafx.sg.prism.NGRegion.renderContent(NGRegion.java:579)
	at com.sun.javafx.sg.prism.NGNode.renderForClip(NGNode.java:2313)
	at com.sun.javafx.sg.prism.NGNode.renderRectClip(NGNode.java:2207)
	at com.sun.javafx.sg.prism.NGNode.renderClip(NGNode.java:2233)
	at com.sun.javafx.sg.prism.NGNode.doRender(NGNode.java:2066)
	at com.sun.javafx.sg.prism.NGNode.render(NGNode.java:1964)
	at com.sun.javafx.sg.prism.NGGroup.renderContent(NGGroup.java:270)
	at com.sun.javafx.sg.prism.NGRegion.renderContent(NGRegion.java:579)
	at com.sun.javafx.sg.prism.NGNode.doRender(NGNode.java:2072)
	at com.sun.javafx.sg.prism.NGNode.render(NGNode.java:1964)
	at com.sun.javafx.sg.prism.NGGroup.renderContent(NGGroup.java:270)
	at com.sun.javafx.sg.prism.NGRegion.renderContent(NGRegion.java:579)
	at com.sun.javafx.sg.prism.NGNode.doRender(NGNode.java:2072)
	at com.sun.javafx.sg.prism.NGNode.render(NGNode.java:1964)
	at com.sun.javafx.tk.quantum.ViewPainter.doPaint(ViewPainter.java:480)
	at com.sun.javafx.tk.quantum.ViewPainter.paintImpl(ViewPainter.java:329)
	at com.sun.javafx.tk.quantum.PresentingPainter.run(PresentingPainter.java:92)
	at java.base/java.util.concurrent.Executors$RunnableAdapter.call(Executors.java:539)
	at java.base/java.util.concurrent.FutureTask.runAndReset(FutureTask.java:305)
	at com.sun.javafx.tk.RenderJob.run(RenderJob.java:58)
	at java.base/java.util.concurrent.ThreadPoolExecutor.runWorker(ThreadPoolExecutor.java:1136)
	at java.base/java.util.concurrent.ThreadPoolExecutor$Worker.run(ThreadPoolExecutor.java:635)
	at com.sun.javafx.tk.quantum.QuantumRenderer$PipelineRunnable.run(QuantumRenderer.java:126)
	at java.base/java.lang.Thread.run(Thread.java:840)
Caused by: java.lang.ExceptionInInitializerError: Exception java.lang.NoClassDefFoundError: sun/misc/Unsafe [in thread "QuantumRenderer-0"]
	at com.sun.marlin.OffHeapArray$1.run(OffHeapArray.java:51)
	at com.sun.marlin.OffHeapArray$1.run(OffHeapArray.java:46)
	at java.base/java.security.AccessController.doPrivileged(AccessController.java:318)
	at com.sun.marlin.OffHeapArray.<clinit>(OffHeapArray.java:46)
	at com.sun.marlin.Renderer.<clinit>(Renderer.java:53)
	at com.sun.marlin.DMarlinRenderingEngine.logSettings(DMarlinRenderingEngine.java:232)
	at com.sun.marlin.DMarlinRenderingEngine.<clinit>(DMarlinRenderingEngine.java:114)
	at com.sun.prism.impl.shape.DMarlinRasterizer.getMaskData(DMarlinRasterizer.java:80)
	at com.sun.prism.impl.shape.ShapeUtil.rasterizeShape(ShapeUtil.java:55)
	at com.sun.prism.impl.ps.BaseShaderGraphics.renderShape(BaseShaderGraphics.java:463)
	at com.sun.prism.impl.BaseGraphics.fill(BaseGraphics.java:385)
	at com.sun.javafx.sg.prism.NGRegion.renderBackgroundRectanglesDirectly(NGRegion.java:1134)
	at com.sun.javafx.sg.prism.NGRegion.renderBackgroundRectangle(NGRegion.java:834)
	at com.sun.javafx.sg.prism.NGRegion.renderAsRectangle(NGRegion.java:754)
	at com.sun.javafx.sg.prism.NGRegion.renderContent(NGRegion.java:575)
	... 16 more
java.lang.NoClassDefFoundError: Could not initialize class com.sun.marlin.DMarlinRenderingEngine
	at com.sun.prism.impl.shape.DMarlinRasterizer.getMaskData(DMarlinRasterizer.java:80)
	at com.sun.prism.impl.shape.ShapeUtil.rasterizeShape(ShapeUtil.java:55)
	at com.sun.prism.impl.ps.BaseShaderGraphics.renderShape(BaseShaderGraphics.java:463)
	at com.sun.prism.impl.BaseGraphics.fill(BaseGraphics.java:385)
	at com.sun.prism.impl.ps.CachingShapeRepState.fillNoCache(CachingShapeRep.java:403)
	at com.sun.prism.impl.ps.CachingShapeRepState.render(CachingShapeRep.java:503)
	at com.sun.prism.impl.ps.CachingShapeRep.fill(CachingShapeRep.java:106)
	at com.sun.javafx.sg.prism.NGShape.renderContent2D(NGShape.java:288)
	at com.sun.javafx.sg.prism.NGShape.renderContent(NGShape.java:261)
	at com.sun.javafx.sg.prism.NGNode.doRender(NGNode.java:2072)
	at com.sun.javafx.sg.prism.NGNode.render(NGNode.java:1964)
	at com.sun.javafx.sg.prism.NGGroup.renderContent(NGGroup.java:270)
	at com.sun.javafx.sg.prism.NGNode.doRender(NGNode.java:2072)
	at com.sun.javafx.sg.prism.NGNode.render(NGNode.java:1964)
	at com.sun.javafx.sg.prism.NGGroup.renderContent(NGGroup.java:270)
	at com.sun.javafx.sg.prism.NGRegion.renderContent(NGRegion.java:579)
	at com.sun.javafx.sg.prism.NGNode.renderForClip(NGNode.java:2313)
	at com.sun.javafx.sg.prism.NGNode.renderRectClip(NGNode.java:2207)
	at com.sun.javafx.sg.prism.NGNode.renderClip(NGNode.java:2233)
	at com.sun.javafx.sg.prism.NGNode.doRender(NGNode.java:2066)
	at com.sun.javafx.sg.prism.NGNode.render(NGNode.java:1964)
	at com.sun.javafx.sg.prism.NGGroup.renderContent(NGGroup.java:270)
	at com.sun.javafx.sg.prism.NGRegion.renderContent(NGRegion.java:579)
	at com.sun.javafx.sg.prism.NGNode.doRender(NGNode.java:2072)
	at com.sun.javafx.sg.prism.NGNode.render(NGNode.java:1964)
	at com.sun.javafx.sg.prism.NGGroup.renderContent(NGGroup.java:270)
	at com.sun.javafx.sg.prism.NGRegion.renderContent(NGRegion.java:579)
	at com.sun.javafx.sg.prism.NGNode.doRender(NGNode.java:2072)
	at com.sun.javafx.sg.prism.NGNode.render(NGNode.java:1964)
	at com.sun.javafx.tk.quantum.ViewPainter.doPaint(ViewPainter.java:480)
	at com.sun.javafx.tk.quantum.ViewPainter.paintImpl(ViewPainter.java:321)
	at com.sun.javafx.tk.quantum.PresentingPainter.run(PresentingPainter.java:92)
	at java.base/java.util.concurrent.Executors$RunnableAdapter.call(Executors.java:539)
	at java.base/java.util.concurrent.FutureTask.runAndReset(FutureTask.java:305)
	at com.sun.javafx.tk.RenderJob.run(RenderJob.java:58)
	at java.base/java.util.concurrent.ThreadPoolExecutor.runWorker(ThreadPoolExecutor.java:1136)
	at java.base/java.util.concurrent.ThreadPoolExecutor$Worker.run(ThreadPoolExecutor.java:635)
	at com.sun.javafx.tk.quantum.QuantumRenderer$PipelineRunnable.run(QuantumRenderer.java:126)
	at java.base/java.lang.Thread.run(Thread.java:840)
Caused by: java.lang.ExceptionInInitializerError: Exception java.lang.NoClassDefFoundError: sun/misc/Unsafe [in thread "QuantumRenderer-0"]
	at com.sun.marlin.OffHeapArray$1.run(OffHeapArray.java:51)
	at com.sun.marlin.OffHeapArray$1.run(OffHeapArray.java:46)
	at java.base/java.security.AccessController.doPrivileged(AccessController.java:318)
	at com.sun.marlin.OffHeapArray.<clinit>(OffHeapArray.java:46)
	at com.sun.marlin.Renderer.<clinit>(Renderer.java:53)
	at com.sun.marlin.DMarlinRenderingEngine.logSettings(DMarlinRenderingEngine.java:232)
	at com.sun.marlin.DMarlinRenderingEngine.<clinit>(DMarlinRenderingEngine.java:114)
	at com.sun.prism.impl.shape.DMarlinRasterizer.getMaskData(DMarlinRasterizer.java:80)
	at com.sun.prism.impl.shape.ShapeUtil.rasterizeShape(ShapeUtil.java:55)
	at com.sun.prism.impl.ps.BaseShaderGraphics.renderShape(BaseShaderGraphics.java:463)
	at com.sun.prism.impl.BaseGraphics.fill(BaseGraphics.java:385)
	at com.sun.javafx.sg.prism.NGRegion.renderBackgroundRectanglesDirectly(NGRegion.java:1134)
	at com.sun.javafx.sg.prism.NGRegion.renderBackgroundRectangle(NGRegion.java:834)
	at com.sun.javafx.sg.prism.NGRegion.renderAsRectangle(NGRegion.java:754)
	at com.sun.javafx.sg.prism.NGRegion.renderContent(NGRegion.java:575)
	at com.sun.javafx.sg.prism.NGNode.doRender(NGNode.java:2072)
	at com.sun.javafx.sg.prism.NGNode.render(NGNode.java:1964)
	at com.sun.javafx.sg.prism.NGGroup.renderContent(NGGroup.java:270)
	at com.sun.javafx.sg.prism.NGRegion.renderContent(NGRegion.java:579)
	at com.sun.javafx.sg.prism.NGNode.doRender(NGNode.java:2072)
	at com.sun.javafx.sg.prism.NGNode.render(NGNode.java:1964)
	at com.sun.javafx.tk.quantum.ViewPainter.doPaint(ViewPainter.java:480)
	at com.sun.javafx.tk.quantum.ViewPainter.paintImpl(ViewPainter.java:329)
	... 8 more
java.lang.NoClassDefFoundError: Could not initialize class com.sun.marlin.DMarlinRenderingEngine
	at com.sun.prism.impl.shape.DMarlinRasterizer.getMaskData(DMarlinRasterizer.java:80)
	at com.sun.prism.impl.shape.ShapeUtil.rasterizeShape(ShapeUtil.java:55)
	at com.sun.prism.impl.ps.BaseShaderGraphics.renderShape(BaseShaderGraphics.java:463)
	at com.sun.prism.impl.BaseGraphics.fill(BaseGraphics.java:385)
	at com.sun.prism.impl.ps.CachingShapeRepState.fillNoCache(CachingShapeRep.java:403)
	at com.sun.prism.impl.ps.CachingShapeRepState.render(CachingShapeRep.java:503)
	at com.sun.prism.impl.ps.CachingShapeRep.fill(CachingShapeRep.java:106)
	at com.sun.javafx.sg.prism.NGShape.renderContent2D(NGShape.java:288)
	at com.sun.javafx.sg.prism.NGShape.renderContent(NGShape.java:261)
	at com.sun.javafx.sg.prism.NGNode.doRender(NGNode.java:2072)
	at com.sun.javafx.sg.prism.NGNode.render(NGNode.java:1964)
	at com.sun.javafx.sg.prism.NGGroup.renderContent(NGGroup.java:270)
	at com.sun.javafx.sg.prism.NGNode.doRender(NGNode.java:2072)
	at com.sun.javafx.sg.prism.NGNode.render(NGNode.java:1964)
	at com.sun.javafx.sg.prism.NGGroup.renderContent(NGGroup.java:270)
	at com.sun.javafx.sg.prism.NGRegion.renderContent(NGRegion.java:579)
	at com.sun.javafx.sg.prism.NGNode.renderForClip(NGNode.java:2313)
	at com.sun.javafx.sg.prism.NGNode.renderRectClip(NGNode.java:2207)
	at com.sun.javafx.sg.prism.NGNode.renderClip(NGNode.java:2233)
	at com.sun.javafx.sg.prism.NGNode.doRender(NGNode.java:2066)
	at com.sun.javafx.sg.prism.NGNode.render(NGNode.java:1964)
	at com.sun.javafx.sg.prism.NGGroup.renderContent(NGGroup.java:270)
	at com.sun.javafx.sg.prism.NGRegion.renderContent(NGRegion.java:579)
	at com.sun.javafx.sg.prism.NGNode.doRender(NGNode.java:2072)
	at com.sun.javafx.sg.prism.NGNode.render(NGNode.java:1964)
	at com.sun.javafx.sg.prism.NGGroup.renderContent(NGGroup.java:270)
	at com.sun.javafx.sg.prism.NGRegion.renderContent(NGRegion.java:579)
	at com.sun.javafx.sg.prism.NGNode.doRender(NGNode.java:2072)
	at com.sun.javafx.sg.prism.NGNode.render(NGNode.java:1964)
	at com.sun.javafx.tk.quantum.ViewPainter.doPaint(ViewPainter.java:480)
	at com.sun.javafx.tk.quantum.ViewPainter.paintImpl(ViewPainter.java:321)
	at com.sun.javafx.tk.quantum.PresentingPainter.run(PresentingPainter.java:92)
	at java.base/java.util.concurrent.Executors$RunnableAdapter.call(Executors.java:539)
	at java.base/java.util.concurrent.FutureTask.runAndReset(FutureTask.java:305)
	at com.sun.javafx.tk.RenderJob.run(RenderJob.java:58)
	at java.base/java.util.concurrent.ThreadPoolExecutor.runWorker(ThreadPoolExecutor.java:1136)
	at java.base/java.util.concurrent.ThreadPoolExecutor$Worker.run(ThreadPoolExecutor.java:635)
	at com.sun.javafx.tk.quantum.QuantumRenderer$PipelineRunnable.run(QuantumRenderer.java:126)
	at java.base/java.lang.Thread.run(Thread.java:840)
Caused by: java.lang.ExceptionInInitializerError: Exception java.lang.NoClassDefFoundError: sun/misc/Unsafe [in thread "QuantumRenderer-0"]
	at com.sun.marlin.OffHeapArray$1.run(OffHeapArray.java:51)
	at com.sun.marlin.OffHeapArray$1.run(OffHeapArray.java:46)
	at java.base/java.security.AccessController.doPrivileged(AccessController.java:318)
	at com.sun.marlin.OffHeapArray.<clinit>(OffHeapArray.java:46)
	at com.sun.marlin.Renderer.<clinit>(Renderer.java:53)
	at com.sun.marlin.DMarlinRenderingEngine.logSettings(DMarlinRenderingEngine.java:232)
	at com.sun.marlin.DMarlinRenderingEngine.<clinit>(DMarlinRenderingEngine.java:114)
	at com.sun.prism.impl.shape.DMarlinRasterizer.getMaskData(DMarlinRasterizer.java:80)
	at com.sun.prism.impl.shape.ShapeUtil.rasterizeShape(ShapeUtil.java:55)
	at com.sun.prism.impl.ps.BaseShaderGraphics.renderShape(BaseShaderGraphics.java:463)
	at com.sun.prism.impl.BaseGraphics.fill(BaseGraphics.java:385)
	at com.sun.javafx.sg.prism.NGRegion.renderBackgroundRectanglesDirectly(NGRegion.java:1134)
	at com.sun.javafx.sg.prism.NGRegion.renderBackgroundRectangle(NGRegion.java:834)
	at com.sun.javafx.sg.prism.NGRegion.renderAsRectangle(NGRegion.java:754)
	at com.sun.javafx.sg.prism.NGRegion.renderContent(NGRegion.java:575)
	at com.sun.javafx.sg.prism.NGNode.doRender(NGNode.java:2072)
	at com.sun.javafx.sg.prism.NGNode.render(NGNode.java:1964)
	at com.sun.javafx.sg.prism.NGGroup.renderContent(NGGroup.java:270)
	at com.sun.javafx.sg.prism.NGRegion.renderContent(NGRegion.java:579)
	at com.sun.javafx.sg.prism.NGNode.doRender(NGNode.java:2072)
	at com.sun.javafx.sg.prism.NGNode.render(NGNode.java:1964)
	at com.sun.javafx.tk.quantum.ViewPainter.doPaint(ViewPainter.java:480)
	at com.sun.javafx.tk.quantum.ViewPainter.paintImpl(ViewPainter.java:329)
	... 8 more
java.lang.NoClassDefFoundError: Could not initialize class com.sun.marlin.DMarlinRenderingEngine
	at com.sun.prism.impl.shape.DMarlinRasterizer.getMaskData(DMarlinRasterizer.java:80)
	at com.sun.prism.impl.shape.ShapeUtil.rasterizeShape(ShapeUtil.java:55)
	at com.sun.prism.impl.ps.BaseShaderGraphics.renderShape(BaseShaderGraphics.java:463)
	at com.sun.prism.impl.BaseGraphics.fill(BaseGraphics.java:385)
	at com.sun.prism.impl.ps.CachingShapeRepState.fillNoCache(CachingShapeRep.java:403)
	at com.sun.prism.impl.ps.CachingShapeRepState.render(CachingShapeRep.java:503)
	at com.sun.prism.impl.ps.CachingShapeRep.fill(CachingShapeRep.java:106)
	at com.sun.javafx.sg.prism.NGShape.renderContent2D(NGShape.java:288)
	at com.sun.javafx.sg.prism.NGShape.renderContent(NGShape.java:261)
	at com.sun.javafx.sg.prism.NGNode.doRender(NGNode.java:2072)
	at com.sun.javafx.sg.prism.NGNode.render(NGNode.java:1964)
	at com.sun.javafx.sg.prism.NGGroup.renderContent(NGGroup.java:270)
	at com.sun.javafx.sg.prism.NGNode.doRender(NGNode.java:2072)
	at com.sun.javafx.sg.prism.NGNode.render(NGNode.java:1964)
	at com.sun.javafx.sg.prism.NGGroup.renderContent(NGGroup.java:270)
	at com.sun.javafx.sg.prism.NGRegion.renderContent(NGRegion.java:579)
	at com.sun.javafx.sg.prism.NGNode.renderForClip(NGNode.java:2313)
	at com.sun.javafx.sg.prism.NGNode.renderRectClip(NGNode.java:2207)
	at com.sun.javafx.sg.prism.NGNode.renderClip(NGNode.java:2233)
	at com.sun.javafx.sg.prism.NGNode.doRender(NGNode.java:2066)
	at com.sun.javafx.sg.prism.NGNode.render(NGNode.java:1964)
	at com.sun.javafx.sg.prism.NGGroup.renderContent(NGGroup.java:270)
	at com.sun.javafx.sg.prism.NGRegion.renderContent(NGRegion.java:579)
	at com.sun.javafx.sg.prism.NGNode.doRender(NGNode.java:2072)
	at com.sun.javafx.sg.prism.NGNode.render(NGNode.java:1964)
	at com.sun.javafx.sg.prism.NGGroup.renderContent(NGGroup.java:270)
	at com.sun.javafx.sg.prism.NGRegion.renderContent(NGRegion.java:579)
	at com.sun.javafx.sg.prism.NGNode.doRender(NGNode.java:2072)
	at com.sun.javafx.sg.prism.NGNode.render(NGNode.java:1964)
	at com.sun.javafx.tk.quantum.ViewPainter.doPaint(ViewPainter.java:480)
	at com.sun.javafx.tk.quantum.ViewPainter.paintImpl(ViewPainter.java:321)
	at com.sun.javafx.tk.quantum.PresentingPainter.run(PresentingPainter.java:92)
	at java.base/java.util.concurrent.Executors$RunnableAdapter.call(Executors.java:539)
	at java.base/java.util.concurrent.FutureTask.runAndReset(FutureTask.java:305)
	at com.sun.javafx.tk.RenderJob.run(RenderJob.java:58)
	at java.base/java.util.concurrent.ThreadPoolExecutor.runWorker(ThreadPoolExecutor.java:1136)
	at java.base/java.util.concurrent.ThreadPoolExecutor$Worker.run(ThreadPoolExecutor.java:635)
	at com.sun.javafx.tk.quantum.QuantumRenderer$PipelineRunnable.run(QuantumRenderer.java:126)
	at java.base/java.lang.Thread.run(Thread.java:840)
Caused by: java.lang.ExceptionInInitializerError: Exception java.lang.NoClassDefFoundError: sun/misc/Unsafe [in thread "QuantumRenderer-0"]
	at com.sun.marlin.OffHeapArray$1.run(OffHeapArray.java:51)
	at com.sun.marlin.OffHeapArray$1.run(OffHeapArray.java:46)
	at java.base/java.security.AccessController.doPrivileged(AccessController.java:318)
	at com.sun.marlin.OffHeapArray.<clinit>(OffHeapArray.java:46)
	at com.sun.marlin.Renderer.<clinit>(Renderer.java:53)
	at com.sun.marlin.DMarlinRenderingEngine.logSettings(DMarlinRenderingEngine.java:232)
	at com.sun.marlin.DMarlinRenderingEngine.<clinit>(DMarlinRenderingEngine.java:114)
	at com.sun.prism.impl.shape.DMarlinRasterizer.getMaskData(DMarlinRasterizer.java:80)
	at com.sun.prism.impl.shape.ShapeUtil.rasterizeShape(ShapeUtil.java:55)
	at com.sun.prism.impl.ps.BaseShaderGraphics.renderShape(BaseShaderGraphics.java:463)
	at com.sun.prism.impl.BaseGraphics.fill(BaseGraphics.java:385)
	at com.sun.javafx.sg.prism.NGRegion.renderBackgroundRectanglesDirectly(NGRegion.java:1134)
	at com.sun.javafx.sg.prism.NGRegion.renderBackgroundRectangle(NGRegion.java:834)
	at com.sun.javafx.sg.prism.NGRegion.renderAsRectangle(NGRegion.java:754)
	at com.sun.javafx.sg.prism.NGRegion.renderContent(NGRegion.java:575)
	at com.sun.javafx.sg.prism.NGNode.doRender(NGNode.java:2072)
	at com.sun.javafx.sg.prism.NGNode.render(NGNode.java:1964)
	at com.sun.javafx.sg.prism.NGGroup.renderContent(NGGroup.java:270)
	at com.sun.javafx.sg.prism.NGRegion.renderContent(NGRegion.java:579)
	at com.sun.javafx.sg.prism.NGNode.doRender(NGNode.java:2072)
	at com.sun.javafx.sg.prism.NGNode.render(NGNode.java:1964)
	at com.sun.javafx.tk.quantum.ViewPainter.doPaint(ViewPainter.java:480)
	at com.sun.javafx.tk.quantum.ViewPainter.paintImpl(ViewPainter.java:329)
	... 8 more
java.lang.NoClassDefFoundError: Could not initialize class com.sun.marlin.DMarlinRenderingEngine
	at com.sun.prism.impl.shape.DMarlinRasterizer.getMaskData(DMarlinRasterizer.java:80)
	at com.sun.prism.impl.shape.ShapeUtil.rasterizeShape(ShapeUtil.java:55)
	at com.sun.prism.impl.ps.BaseShaderGraphics.renderShape(BaseShaderGraphics.java:463)
	at com.sun.prism.impl.BaseGraphics.fill(BaseGraphics.java:385)
	at com.sun.prism.impl.ps.CachingShapeRepState.fillNoCache(CachingShapeRep.java:403)
	at com.sun.prism.impl.ps.CachingShapeRepState.render(CachingShapeRep.java:503)
	at com.sun.prism.impl.ps.CachingShapeRep.fill(CachingShapeRep.java:106)
	at com.sun.javafx.sg.prism.NGShape.renderContent2D(NGShape.java:288)
	at com.sun.javafx.sg.prism.NGShape.renderContent(NGShape.java:261)
	at com.sun.javafx.sg.prism.NGNode.doRender(NGNode.java:2072)
	at com.sun.javafx.sg.prism.NGNode.render(NGNode.java:1964)
	at com.sun.javafx.sg.prism.NGGroup.renderContent(NGGroup.java:270)
	at com.sun.javafx.sg.prism.NGNode.doRender(NGNode.java:2072)
	at com.sun.javafx.sg.prism.NGNode.render(NGNode.java:1964)
	at com.sun.javafx.sg.prism.NGGroup.renderContent(NGGroup.java:270)
	at com.sun.javafx.sg.prism.NGRegion.renderContent(NGRegion.java:579)
	at com.sun.javafx.sg.prism.NGNode.renderForClip(NGNode.java:2313)
	at com.sun.javafx.sg.prism.NGNode.renderRectClip(NGNode.java:2207)
	at com.sun.javafx.sg.prism.NGNode.renderClip(NGNode.java:2233)
	at com.sun.javafx.sg.prism.NGNode.doRender(NGNode.java:2066)
	at com.sun.javafx.sg.prism.NGNode.render(NGNode.java:1964)
	at com.sun.javafx.sg.prism.NGGroup.renderContent(NGGroup.java:270)
	at com.sun.javafx.sg.prism.NGRegion.renderContent(NGRegion.java:579)
	at com.sun.javafx.sg.prism.NGNode.doRender(NGNode.java:2072)
	at com.sun.javafx.sg.prism.NGNode.render(NGNode.java:1964)
	at com.sun.javafx.sg.prism.NGGroup.renderContent(NGGroup.java:270)
	at com.sun.javafx.sg.prism.NGRegion.renderContent(NGRegion.java:579)
	at com.sun.javafx.sg.prism.NGNode.doRender(NGNode.java:2072)
	at com.sun.javafx.sg.prism.NGNode.render(NGNode.java:1964)
	at com.sun.javafx.tk.quantum.ViewPainter.doPaint(ViewPainter.java:480)
	at com.sun.javafx.tk.quantum.ViewPainter.paintImpl(ViewPainter.java:321)
	at com.sun.javafx.tk.quantum.PresentingPainter.run(PresentingPainter.java:92)
	at java.base/java.util.concurrent.Executors$RunnableAdapter.call(Executors.java:539)
	at java.base/java.util.concurrent.FutureTask.runAndReset(FutureTask.java:305)
	at com.sun.javafx.tk.RenderJob.run(RenderJob.java:58)
	at java.base/java.util.concurrent.ThreadPoolExecutor.runWorker(ThreadPoolExecutor.java:1136)
	at java.base/java.util.concurrent.ThreadPoolExecutor$Worker.run(ThreadPoolExecutor.java:635)
	at com.sun.javafx.tk.quantum.QuantumRenderer$PipelineRunnable.run(QuantumRenderer.java:126)
	at java.base/java.lang.Thread.run(Thread.java:840)
Caused by: java.lang.ExceptionInInitializerError: Exception java.lang.NoClassDefFoundError: sun/misc/Unsafe [in thread "QuantumRenderer-0"]
	at com.sun.marlin.OffHeapArray$1.run(OffHeapArray.java:51)
	at com.sun.marlin.OffHeapArray$1.run(OffHeapArray.java:46)
	at java.base/java.security.AccessController.doPrivileged(AccessController.java:318)
	at com.sun.marlin.OffHeapArray.<clinit>(OffHeapArray.java:46)
	at com.sun.marlin.Renderer.<clinit>(Renderer.java:53)
	at com.sun.marlin.DMarlinRenderingEngine.logSettings(DMarlinRenderingEngine.java:232)
	at com.sun.marlin.DMarlinRenderingEngine.<clinit>(DMarlinRenderingEngine.java:114)
	at com.sun.prism.impl.shape.DMarlinRasterizer.getMaskData(DMarlinRasterizer.java:80)
	at com.sun.prism.impl.shape.ShapeUtil.rasterizeShape(ShapeUtil.java:55)
	at com.sun.prism.impl.ps.BaseShaderGraphics.renderShape(BaseShaderGraphics.java:463)
	at com.sun.prism.impl.BaseGraphics.fill(BaseGraphics.java:385)
	at com.sun.javafx.sg.prism.NGRegion.renderBackgroundRectanglesDirectly(NGRegion.java:1134)
	at com.sun.javafx.sg.prism.NGRegion.renderBackgroundRectangle(NGRegion.java:834)
	at com.sun.javafx.sg.prism.NGRegion.renderAsRectangle(NGRegion.java:754)
	at com.sun.javafx.sg.prism.NGRegion.renderContent(NGRegion.java:575)
	at com.sun.javafx.sg.prism.NGNode.doRender(NGNode.java:2072)
	at com.sun.javafx.sg.prism.NGNode.render(NGNode.java:1964)
	at com.sun.javafx.sg.prism.NGGroup.renderContent(NGGroup.java:270)
	at com.sun.javafx.sg.prism.NGRegion.renderContent(NGRegion.java:579)
	at com.sun.javafx.sg.prism.NGNode.doRender(NGNode.java:2072)
	at com.sun.javafx.sg.prism.NGNode.render(NGNode.java:1964)
	at com.sun.javafx.tk.quantum.ViewPainter.doPaint(ViewPainter.java:480)
	at com.sun.javafx.tk.quantum.ViewPainter.paintImpl(ViewPainter.java:329)
	... 8 more
java.lang.NoClassDefFoundError: Could not initialize class com.sun.marlin.DMarlinRenderingEngine
	at com.sun.prism.impl.shape.DMarlinRasterizer.getMaskData(DMarlinRasterizer.java:80)
	at com.sun.prism.impl.shape.ShapeUtil.rasterizeShape(ShapeUtil.java:55)
	at com.sun.prism.impl.ps.BaseShaderGraphics.renderShape(BaseShaderGraphics.java:463)
	at com.sun.prism.impl.BaseGraphics.fill(BaseGraphics.java:385)
	at com.sun.prism.impl.ps.CachingShapeRepState.fillNoCache(CachingShapeRep.java:403)
	at com.sun.prism.impl.ps.CachingShapeRepState.render(CachingShapeRep.java:503)
	at com.sun.prism.impl.ps.CachingShapeRep.fill(CachingShapeRep.java:106)
	at com.sun.javafx.sg.prism.NGShape.renderContent2D(NGShape.java:288)
	at com.sun.javafx.sg.prism.NGShape.renderContent(NGShape.java:261)
	at com.sun.javafx.sg.prism.NGNode.doRender(NGNode.java:2072)
	at com.sun.javafx.sg.prism.NGNode.render(NGNode.java:1964)
	at com.sun.javafx.sg.prism.NGGroup.renderContent(NGGroup.java:270)
	at com.sun.javafx.sg.prism.NGNode.doRender(NGNode.java:2072)
	at com.sun.javafx.sg.prism.NGNode.render(NGNode.java:1964)
	at com.sun.javafx.sg.prism.NGGroup.renderContent(NGGroup.java:270)
	at com.sun.javafx.sg.prism.NGRegion.renderContent(NGRegion.java:579)
	at com.sun.javafx.sg.prism.NGNode.renderForClip(NGNode.java:2313)
	at com.sun.javafx.sg.prism.NGNode.renderRectClip(NGNode.java:2207)
	at com.sun.javafx.sg.prism.NGNode.renderClip(NGNode.java:2233)
	at com.sun.javafx.sg.prism.NGNode.doRender(NGNode.java:2066)
	at com.sun.javafx.sg.prism.NGNode.render(NGNode.java:1964)
	at com.sun.javafx.sg.prism.NGGroup.renderContent(NGGroup.java:270)
	at com.sun.javafx.sg.prism.NGRegion.renderContent(NGRegion.java:579)
	at com.sun.javafx.sg.prism.NGNode.doRender(NGNode.java:2072)
	at com.sun.javafx.sg.prism.NGNode.render(NGNode.java:1964)
	at com.sun.javafx.sg.prism.NGGroup.renderContent(NGGroup.java:270)
	at com.sun.javafx.sg.prism.NGRegion.renderContent(NGRegion.java:579)
	at com.sun.javafx.sg.prism.NGNode.doRender(NGNode.java:2072)
	at com.sun.javafx.sg.prism.NGNode.render(NGNode.java:1964)
	at com.sun.javafx.tk.quantum.ViewPainter.doPaint(ViewPainter.java:480)
	at com.sun.javafx.tk.quantum.ViewPainter.paintImpl(ViewPainter.java:321)
	at com.sun.javafx.tk.quantum.PresentingPainter.run(PresentingPainter.java:92)
	at java.base/java.util.concurrent.Executors$RunnableAdapter.call(Executors.java:539)
	at java.base/java.util.concurrent.FutureTask.runAndReset(FutureTask.java:305)
	at com.sun.javafx.tk.RenderJob.run(RenderJob.java:58)
	at java.base/java.util.concurrent.ThreadPoolExecutor.runWorker(ThreadPoolExecutor.java:1136)
	at java.base/java.util.concurrent.ThreadPoolExecutor$Worker.run(ThreadPoolExecutor.java:635)
	at com.sun.javafx.tk.quantum.QuantumRenderer$PipelineRunnable.run(QuantumRenderer.java:126)
	at java.base/java.lang.Thread.run(Thread.java:840)
Caused by: java.lang.ExceptionInInitializerError: Exception java.lang.NoClassDefFoundError: sun/misc/Unsafe [in thread "QuantumRenderer-0"]
	at com.sun.marlin.OffHeapArray$1.run(OffHeapArray.java:51)
	at com.sun.marlin.OffHeapArray$1.run(OffHeapArray.java:46)
	at java.base/java.security.AccessController.doPrivileged(AccessController.java:318)
	at com.sun.marlin.OffHeapArray.<clinit>(OffHeapArray.java:46)
	at com.sun.marlin.Renderer.<clinit>(Renderer.java:53)
	at com.sun.marlin.DMarlinRenderingEngine.logSettings(DMarlinRenderingEngine.java:232)
	at com.sun.marlin.DMarlinRenderingEngine.<clinit>(DMarlinRenderingEngine.java:114)
	at com.sun.prism.impl.shape.DMarlinRasterizer.getMaskData(DMarlinRasterizer.java:80)
	at com.sun.prism.impl.shape.ShapeUtil.rasterizeShape(ShapeUtil.java:55)
	at com.sun.prism.impl.ps.BaseShaderGraphics.renderShape(BaseShaderGraphics.java:463)
	at com.sun.prism.impl.BaseGraphics.fill(BaseGraphics.java:385)
	at com.sun.javafx.sg.prism.NGRegion.renderBackgroundRectanglesDirectly(NGRegion.java:1134)
	at com.sun.javafx.sg.prism.NGRegion.renderBackgroundRectangle(NGRegion.java:834)
	at com.sun.javafx.sg.prism.NGRegion.renderAsRectangle(NGRegion.java:754)
	at com.sun.javafx.sg.prism.NGRegion.renderContent(NGRegion.java:575)
	at com.sun.javafx.sg.prism.NGNode.doRender(NGNode.java:2072)
	at com.sun.javafx.sg.prism.NGNode.render(NGNode.java:1964)
	at com.sun.javafx.sg.prism.NGGroup.renderContent(NGGroup.java:270)
	at com.sun.javafx.sg.prism.NGRegion.renderContent(NGRegion.java:579)
	at com.sun.javafx.sg.prism.NGNode.doRender(NGNode.java:2072)
	at com.sun.javafx.sg.prism.NGNode.render(NGNode.java:1964)
	at com.sun.javafx.tk.quantum.ViewPainter.doPaint(ViewPainter.java:480)
	at com.sun.javafx.tk.quantum.ViewPainter.paintImpl(ViewPainter.java:329)
	... 8 more
java.lang.NoClassDefFoundError: Could not initialize class com.sun.marlin.DMarlinRenderingEngine
	at com.sun.prism.impl.shape.DMarlinRasterizer.getMaskData(DMarlinRasterizer.java:80)
	at com.sun.prism.impl.shape.ShapeUtil.rasterizeShape(ShapeUtil.java:55)
	at com.sun.prism.impl.ps.BaseShaderGraphics.renderShape(BaseShaderGraphics.java:463)
	at com.sun.prism.impl.BaseGraphics.fill(BaseGraphics.java:385)
	at com.sun.prism.impl.ps.CachingShapeRepState.fillNoCache(CachingShapeRep.java:403)
	at com.sun.prism.impl.ps.CachingShapeRepState.render(CachingShapeRep.java:503)
	at com.sun.prism.impl.ps.CachingShapeRep.fill(CachingShapeRep.java:106)
	at com.sun.javafx.sg.prism.NGShape.renderContent2D(NGShape.java:288)
	at com.sun.javafx.sg.prism.NGShape.renderContent(NGShape.java:261)
	at com.sun.javafx.sg.prism.NGNode.doRender(NGNode.java:2072)
	at com.sun.javafx.sg.prism.NGNode.render(NGNode.java:1964)
	at com.sun.javafx.sg.prism.NGGroup.renderContent(NGGroup.java:270)
	at com.sun.javafx.sg.prism.NGNode.doRender(NGNode.java:2072)
	at com.sun.javafx.sg.prism.NGNode.render(NGNode.java:1964)
	at com.sun.javafx.sg.prism.NGGroup.renderContent(NGGroup.java:270)
	at com.sun.javafx.sg.prism.NGRegion.renderContent(NGRegion.java:579)
	at com.sun.javafx.sg.prism.NGNode.renderForClip(NGNode.java:2313)
	at com.sun.javafx.sg.prism.NGNode.renderRectClip(NGNode.java:2207)
	at com.sun.javafx.sg.prism.NGNode.renderClip(NGNode.java:2233)
	at com.sun.javafx.sg.prism.NGNode.doRender(NGNode.java:2066)
	at com.sun.javafx.sg.prism.NGNode.render(NGNode.java:1964)
	at com.sun.javafx.sg.prism.NGGroup.renderContent(NGGroup.java:270)
	at com.sun.javafx.sg.prism.NGRegion.renderContent(NGRegion.java:579)
	at com.sun.javafx.sg.prism.NGNode.doRender(NGNode.java:2072)
	at com.sun.javafx.sg.prism.NGNode.render(NGNode.java:1964)
	at com.sun.javafx.sg.prism.NGGroup.renderContent(NGGroup.java:270)
	at com.sun.javafx.sg.prism.NGRegion.renderContent(NGRegion.java:579)
	at com.sun.javafx.sg.prism.NGNode.doRender(NGNode.java:2072)
	at com.sun.javafx.sg.prism.NGNode.render(NGNode.java:1964)
	at com.sun.javafx.tk.quantum.ViewPainter.doPaint(ViewPainter.java:480)
	at com.sun.javafx.tk.quantum.ViewPainter.paintImpl(ViewPainter.java:321)
	at com.sun.javafx.tk.quantum.PresentingPainter.run(PresentingPainter.java:92)
	at java.base/java.util.concurrent.Executors$RunnableAdapter.call(Executors.java:539)
	at java.base/java.util.concurrent.FutureTask.runAndReset(FutureTask.java:305)
	at com.sun.javafx.tk.RenderJob.run(RenderJob.java:58)
	at java.base/java.util.concurrent.ThreadPoolExecutor.runWorker(ThreadPoolExecutor.java:1136)
	at java.base/java.util.concurrent.ThreadPoolExecutor$Worker.run(ThreadPoolExecutor.java:635)
	at com.sun.javafx.tk.quantum.QuantumRenderer$PipelineRunnable.run(QuantumRenderer.java:126)
	at java.base/java.lang.Thread.run(Thread.java:840)
Caused by: java.lang.ExceptionInInitializerError: Exception java.lang.NoClassDefFoundError: sun/misc/Unsafe [in thread "QuantumRenderer-0"]
	at com.sun.marlin.OffHeapArray$1.run(OffHeapArray.java:51)
	at com.sun.marlin.OffHeapArray$1.run(OffHeapArray.java:46)
	at java.base/java.security.AccessController.doPrivileged(AccessController.java:318)
	at com.sun.marlin.OffHeapArray.<clinit>(OffHeapArray.java:46)
	at com.sun.marlin.Renderer.<clinit>(Renderer.java:53)
	at com.sun.marlin.DMarlinRenderingEngine.logSettings(DMarlinRenderingEngine.java:232)
	at com.sun.marlin.DMarlinRenderingEngine.<clinit>(DMarlinRenderingEngine.java:114)
	at com.sun.prism.impl.shape.DMarlinRasterizer.getMaskData(DMarlinRasterizer.java:80)
	at com.sun.prism.impl.shape.ShapeUtil.rasterizeShape(ShapeUtil.java:55)
	at com.sun.prism.impl.ps.BaseShaderGraphics.renderShape(BaseShaderGraphics.java:463)
	at com.sun.prism.impl.BaseGraphics.fill(BaseGraphics.java:385)
	at com.sun.javafx.sg.prism.NGRegion.renderBackgroundRectanglesDirectly(NGRegion.java:1134)
	at com.sun.javafx.sg.prism.NGRegion.renderBackgroundRectangle(NGRegion.java:834)
	at com.sun.javafx.sg.prism.NGRegion.renderAsRectangle(NGRegion.java:754)
	at com.sun.javafx.sg.prism.NGRegion.renderContent(NGRegion.java:575)
	at com.sun.javafx.sg.prism.NGNode.doRender(NGNode.java:2072)
	at com.sun.javafx.sg.prism.NGNode.render(NGNode.java:1964)
	at com.sun.javafx.sg.prism.NGGroup.renderContent(NGGroup.java:270)
	at com.sun.javafx.sg.prism.NGRegion.renderContent(NGRegion.java:579)
	at com.sun.javafx.sg.prism.NGNode.doRender(NGNode.java:2072)
	at com.sun.javafx.sg.prism.NGNode.render(NGNode.java:1964)
	at com.sun.javafx.tk.quantum.ViewPainter.doPaint(ViewPainter.java:480)
	at com.sun.javafx.tk.quantum.ViewPainter.paintImpl(ViewPainter.java:329)
	... 8 more
java.lang.NoClassDefFoundError: Could not initialize class com.sun.marlin.DMarlinRenderingEngine
	at com.sun.prism.impl.shape.DMarlinRasterizer.getMaskData(DMarlinRasterizer.java:80)
	at com.sun.prism.impl.shape.ShapeUtil.rasterizeShape(ShapeUtil.java:55)
	at com.sun.prism.impl.ps.BaseShaderGraphics.renderShape(BaseShaderGraphics.java:463)
	at com.sun.prism.impl.BaseGraphics.fill(BaseGraphics.java:385)
	at com.sun.javafx.sg.prism.NGRegion.renderBackgroundRectanglesDirectly(NGRegion.java:1134)
	at com.sun.javafx.sg.prism.NGRegion.renderBackgroundRectangle(NGRegion.java:834)
	at com.sun.javafx.sg.prism.NGRegion.renderAsRectangle(NGRegion.java:754)
	at com.sun.javafx.sg.prism.NGRegion.renderContent(NGRegion.java:575)
	at com.sun.javafx.sg.prism.NGNode.doRender(NGNode.java:2072)
	at com.sun.javafx.sg.prism.NGNode.render(NGNode.java:1964)
	at com.sun.javafx.sg.prism.NGGroup.renderContent(NGGroup.java:270)
	at com.sun.javafx.sg.prism.NGRegion.renderContent(NGRegion.java:579)
	at com.sun.javafx.sg.prism.NGNode.doRender(NGNode.java:2072)
	at com.sun.javafx.sg.prism.NGNode.render(NGNode.java:1964)
	at com.sun.javafx.tk.quantum.ViewPainter.doPaint(ViewPainter.java:480)
	at com.sun.javafx.tk.quantum.ViewPainter.paintImpl(ViewPainter.java:321)
	at com.sun.javafx.tk.quantum.PresentingPainter.run(PresentingPainter.java:92)
	at java.base/java.util.concurrent.Executors$RunnableAdapter.call(Executors.java:539)
	at java.base/java.util.concurrent.FutureTask.runAndReset(FutureTask.java:305)
	at com.sun.javafx.tk.RenderJob.run(RenderJob.java:58)
	at java.base/java.util.concurrent.ThreadPoolExecutor.runWorker(ThreadPoolExecutor.java:1136)
	at java.base/java.util.concurrent.ThreadPoolExecutor$Worker.run(ThreadPoolExecutor.java:635)
	at com.sun.javafx.tk.quantum.QuantumRenderer$PipelineRunnable.run(QuantumRenderer.java:126)
	at java.base/java.lang.Thread.run(Thread.java:840)
Caused by: java.lang.ExceptionInInitializerError: Exception java.lang.NoClassDefFoundError: sun/misc/Unsafe [in thread "QuantumRenderer-0"]
	at com.sun.marlin.OffHeapArray$1.run(OffHeapArray.java:51)
	at com.sun.marlin.OffHeapArray$1.run(OffHeapArray.java:46)
	at java.base/java.security.AccessController.doPrivileged(AccessController.java:318)
	at com.sun.marlin.OffHeapArray.<clinit>(OffHeapArray.java:46)
	at com.sun.marlin.Renderer.<clinit>(Renderer.java:53)
	at com.sun.marlin.DMarlinRenderingEngine.logSettings(DMarlinRenderingEngine.java:232)
	at com.sun.marlin.DMarlinRenderingEngine.<clinit>(DMarlinRenderingEngine.java:114)
	at com.sun.prism.impl.shape.DMarlinRasterizer.getMaskData(DMarlinRasterizer.java:80)
	at com.sun.prism.impl.shape.ShapeUtil.rasterizeShape(ShapeUtil.java:55)
	at com.sun.prism.impl.ps.BaseShaderGraphics.renderShape(BaseShaderGraphics.java:463)
	at com.sun.prism.impl.BaseGraphics.fill(BaseGraphics.java:385)
	at com.sun.javafx.sg.prism.NGRegion.renderBackgroundRectanglesDirectly(NGRegion.java:1134)
	at com.sun.javafx.sg.prism.NGRegion.renderBackgroundRectangle(NGRegion.java:834)
	at com.sun.javafx.sg.prism.NGRegion.renderAsRectangle(NGRegion.java:754)
	at com.sun.javafx.sg.prism.NGRegion.renderContent(NGRegion.java:575)
	at com.sun.javafx.sg.prism.NGNode.doRender(NGNode.java:2072)
	at com.sun.javafx.sg.prism.NGNode.render(NGNode.java:1964)
	at com.sun.javafx.sg.prism.NGGroup.renderContent(NGGroup.java:270)
	at com.sun.javafx.sg.prism.NGRegion.renderContent(NGRegion.java:579)
	at com.sun.javafx.sg.prism.NGNode.doRender(NGNode.java:2072)
	at com.sun.javafx.sg.prism.NGNode.render(NGNode.java:1964)
	at com.sun.javafx.tk.quantum.ViewPainter.doPaint(ViewPainter.java:480)
	at com.sun.javafx.tk.quantum.ViewPainter.paintImpl(ViewPainter.java:329)
	... 8 more
java.lang.NoClassDefFoundError: Could not initialize class com.sun.marlin.DMarlinRenderingEngine
	at com.sun.prism.impl.shape.DMarlinRasterizer.getMaskData(DMarlinRasterizer.java:80)
	at com.sun.prism.impl.shape.ShapeUtil.rasterizeShape(ShapeUtil.java:55)
	at com.sun.prism.impl.ps.BaseShaderGraphics.renderShape(BaseShaderGraphics.java:463)
	at com.sun.prism.impl.BaseGraphics.fill(BaseGraphics.java:385)
	at com.sun.javafx.sg.prism.NGRegion.renderBackgroundRectanglesDirectly(NGRegion.java:1134)
	at com.sun.javafx.sg.prism.NGRegion.renderBackgroundRectangle(NGRegion.java:834)
	at com.sun.javafx.sg.prism.NGRegion.renderAsRectangle(NGRegion.java:754)
	at com.sun.javafx.sg.prism.NGRegion.renderContent(NGRegion.java:575)
	at com.sun.javafx.sg.prism.NGNode.doRender(NGNode.java:2072)
	at com.sun.javafx.sg.prism.NGNode.render(NGNode.java:1964)
	at com.sun.javafx.sg.prism.NGGroup.renderContent(NGGroup.java:270)
	at com.sun.javafx.sg.prism.NGRegion.renderContent(NGRegion.java:579)
	at com.sun.javafx.sg.prism.NGNode.doRender(NGNode.java:2072)
	at com.sun.javafx.sg.prism.NGNode.render(NGNode.java:1964)
	at com.sun.javafx.tk.quantum.ViewPainter.doPaint(ViewPainter.java:480)
	at com.sun.javafx.tk.quantum.ViewPainter.paintImpl(ViewPainter.java:321)
	at com.sun.javafx.tk.quantum.PresentingPainter.run(PresentingPainter.java:92)
	at java.base/java.util.concurrent.Executors$RunnableAdapter.call(Executors.java:539)
	at java.base/java.util.concurrent.FutureTask.runAndReset(FutureTask.java:305)
	at com.sun.javafx.tk.RenderJob.run(RenderJob.java:58)
	at java.base/java.util.concurrent.ThreadPoolExecutor.runWorker(ThreadPoolExecutor.java:1136)
	at java.base/java.util.concurrent.ThreadPoolExecutor$Worker.run(ThreadPoolExecutor.java:635)
	at com.sun.javafx.tk.quantum.QuantumRenderer$PipelineRunnable.run(QuantumRenderer.java:126)
	at java.base/java.lang.Thread.run(Thread.java:840)
Caused by: java.lang.ExceptionInInitializerError: Exception java.lang.NoClassDefFoundError: sun/misc/Unsafe [in thread "QuantumRenderer-0"]
	at com.sun.marlin.OffHeapArray$1.run(OffHeapArray.java:51)
	at com.sun.marlin.OffHeapArray$1.run(OffHeapArray.java:46)
	at java.base/java.security.AccessController.doPrivileged(AccessController.java:318)
	at com.sun.marlin.OffHeapArray.<clinit>(OffHeapArray.java:46)
	at com.sun.marlin.Renderer.<clinit>(Renderer.java:53)
	at com.sun.marlin.DMarlinRenderingEngine.logSettings(DMarlinRenderingEngine.java:232)
	at com.sun.marlin.DMarlinRenderingEngine.<clinit>(DMarlinRenderingEngine.java:114)
	at com.sun.prism.impl.shape.DMarlinRasterizer.getMaskData(DMarlinRasterizer.java:80)
	at com.sun.prism.impl.shape.ShapeUtil.rasterizeShape(ShapeUtil.java:55)
	at com.sun.prism.impl.ps.BaseShaderGraphics.renderShape(BaseShaderGraphics.java:463)
	at com.sun.prism.impl.BaseGraphics.fill(BaseGraphics.java:385)
	at com.sun.javafx.sg.prism.NGRegion.renderBackgroundRectanglesDirectly(NGRegion.java:1134)
	at com.sun.javafx.sg.prism.NGRegion.renderBackgroundRectangle(NGRegion.java:834)
	at com.sun.javafx.sg.prism.NGRegion.renderAsRectangle(NGRegion.java:754)
	at com.sun.javafx.sg.prism.NGRegion.renderContent(NGRegion.java:575)
	at com.sun.javafx.sg.prism.NGNode.doRender(NGNode.java:2072)
	at com.sun.javafx.sg.prism.NGNode.render(NGNode.java:1964)
	at com.sun.javafx.sg.prism.NGGroup.renderContent(NGGroup.java:270)
	at com.sun.javafx.sg.prism.NGRegion.renderContent(NGRegion.java:579)
	at com.sun.javafx.sg.prism.NGNode.doRender(NGNode.java:2072)
	at com.sun.javafx.sg.prism.NGNode.render(NGNode.java:1964)
	at com.sun.javafx.tk.quantum.ViewPainter.doPaint(ViewPainter.java:480)
	at com.sun.javafx.tk.quantum.ViewPainter.paintImpl(ViewPainter.java:329)
	... 8 more
java.lang.NoClassDefFoundError: Could not initialize class com.sun.marlin.DMarlinRenderingEngine
	at com.sun.prism.impl.shape.DMarlinRasterizer.getMaskData(DMarlinRasterizer.java:80)
	at com.sun.prism.impl.shape.ShapeUtil.rasterizeShape(ShapeUtil.java:55)
	at com.sun.prism.impl.ps.BaseShaderGraphics.renderShape(BaseShaderGraphics.java:463)
	at com.sun.prism.impl.BaseGraphics.fill(BaseGraphics.java:385)
	at com.sun.javafx.sg.prism.NGRegion.renderBackgroundRectanglesDirectly(NGRegion.java:1134)
	at com.sun.javafx.sg.prism.NGRegion.renderBackgroundRectangle(NGRegion.java:834)
	at com.sun.javafx.sg.prism.NGRegion.renderAsRectangle(NGRegion.java:754)
	at com.sun.javafx.sg.prism.NGRegion.renderContent(NGRegion.java:575)
	at com.sun.javafx.sg.prism.NGNode.doRender(NGNode.java:2072)
	at com.sun.javafx.sg.prism.NGNode.render(NGNode.java:1964)
	at com.sun.javafx.sg.prism.NGGroup.renderContent(NGGroup.java:270)
	at com.sun.javafx.sg.prism.NGRegion.renderContent(NGRegion.java:579)
	at com.sun.javafx.sg.prism.NGNode.doRender(NGNode.java:2072)
	at com.sun.javafx.sg.prism.NGNode.render(NGNode.java:1964)
	at com.sun.javafx.tk.quantum.ViewPainter.doPaint(ViewPainter.java:480)
	at com.sun.javafx.tk.quantum.ViewPainter.paintImpl(ViewPainter.java:321)
	at com.sun.javafx.tk.quantum.PresentingPainter.run(PresentingPainter.java:92)
	at java.base/java.util.concurrent.Executors$RunnableAdapter.call(Executors.java:539)
	at java.base/java.util.concurrent.FutureTask.runAndReset(FutureTask.java:305)
	at com.sun.javafx.tk.RenderJob.run(RenderJob.java:58)
	at java.base/java.util.concurrent.ThreadPoolExecutor.runWorker(ThreadPoolExecutor.java:1136)
	at java.base/java.util.concurrent.ThreadPoolExecutor$Worker.run(ThreadPoolExecutor.java:635)
	at com.sun.javafx.tk.quantum.QuantumRenderer$PipelineRunnable.run(QuantumRenderer.java:126)
	at java.base/java.lang.Thread.run(Thread.java:840)
Caused by: java.lang.ExceptionInInitializerError: Exception java.lang.NoClassDefFoundError: sun/misc/Unsafe [in thread "QuantumRenderer-0"]
	at com.sun.marlin.OffHeapArray$1.run(OffHeapArray.java:51)
	at com.sun.marlin.OffHeapArray$1.run(OffHeapArray.java:46)
	at java.base/java.security.AccessController.doPrivileged(AccessController.java:318)
	at com.sun.marlin.OffHeapArray.<clinit>(OffHeapArray.java:46)
	at com.sun.marlin.Renderer.<clinit>(Renderer.java:53)
	at com.sun.marlin.DMarlinRenderingEngine.logSettings(DMarlinRenderingEngine.java:232)
	at com.sun.marlin.DMarlinRenderingEngine.<clinit>(DMarlinRenderingEngine.java:114)
	at com.sun.prism.impl.shape.DMarlinRasterizer.getMaskData(DMarlinRasterizer.java:80)
	at com.sun.prism.impl.shape.ShapeUtil.rasterizeShape(ShapeUtil.java:55)
	at com.sun.prism.impl.ps.BaseShaderGraphics.renderShape(BaseShaderGraphics.java:463)
	at com.sun.prism.impl.BaseGraphics.fill(BaseGraphics.java:385)
	at com.sun.javafx.sg.prism.NGRegion.renderBackgroundRectanglesDirectly(NGRegion.java:1134)
	at com.sun.javafx.sg.prism.NGRegion.renderBackgroundRectangle(NGRegion.java:834)
	at com.sun.javafx.sg.prism.NGRegion.renderAsRectangle(NGRegion.java:754)
	at com.sun.javafx.sg.prism.NGRegion.renderContent(NGRegion.java:575)
	at com.sun.javafx.sg.prism.NGNode.doRender(NGNode.java:2072)
	at com.sun.javafx.sg.prism.NGNode.render(NGNode.java:1964)
	at com.sun.javafx.sg.prism.NGGroup.renderContent(NGGroup.java:270)
	at com.sun.javafx.sg.prism.NGRegion.renderContent(NGRegion.java:579)
	at com.sun.javafx.sg.prism.NGNode.doRender(NGNode.java:2072)
	at com.sun.javafx.sg.prism.NGNode.render(NGNode.java:1964)
	at com.sun.javafx.tk.quantum.ViewPainter.doPaint(ViewPainter.java:480)
	at com.sun.javafx.tk.quantum.ViewPainter.paintImpl(ViewPainter.java:329)
	... 8 more
java.lang.NoClassDefFoundError: Could not initialize class com.sun.marlin.DMarlinRenderingEngine
	at com.sun.prism.impl.shape.DMarlinRasterizer.getMaskData(DMarlinRasterizer.java:80)
	at com.sun.prism.impl.shape.ShapeUtil.rasterizeShape(ShapeUtil.java:55)
	at com.sun.prism.impl.ps.BaseShaderGraphics.renderShape(BaseShaderGraphics.java:463)
	at com.sun.prism.impl.BaseGraphics.fill(BaseGraphics.java:385)
	at com.sun.prism.impl.ps.CachingShapeRepState.fillNoCache(CachingShapeRep.java:403)
	at com.sun.prism.impl.ps.CachingShapeRepState.render(CachingShapeRep.java:503)
	at com.sun.prism.impl.ps.CachingShapeRep.fill(CachingShapeRep.java:106)
	at com.sun.javafx.sg.prism.NGShape.renderContent2D(NGShape.java:288)
	at com.sun.javafx.sg.prism.NGShape.renderContent(NGShape.java:261)
	at com.sun.javafx.sg.prism.NGNode.doRender(NGNode.java:2072)
	at com.sun.javafx.sg.prism.NGNode.render(NGNode.java:1964)
	at com.sun.javafx.sg.prism.NGGroup.renderContent(NGGroup.java:270)
	at com.sun.javafx.sg.prism.NGNode.doRender(NGNode.java:2072)
	at com.sun.javafx.sg.prism.NGNode.render(NGNode.java:1964)
	at com.sun.javafx.sg.prism.NGGroup.renderContent(NGGroup.java:270)
	at com.sun.javafx.sg.prism.NGRegion.renderContent(NGRegion.java:579)
	at com.sun.javafx.sg.prism.NGNode.renderForClip(NGNode.java:2313)
	at com.sun.javafx.sg.prism.NGNode.renderRectClip(NGNode.java:2207)
	at com.sun.javafx.sg.prism.NGNode.renderClip(NGNode.java:2233)
	at com.sun.javafx.sg.prism.NGNode.doRender(NGNode.java:2066)
	at com.sun.javafx.sg.prism.NGNode.render(NGNode.java:1964)
	at com.sun.javafx.sg.prism.NGGroup.renderContent(NGGroup.java:270)
	at com.sun.javafx.sg.prism.NGRegion.renderContent(NGRegion.java:579)
	at com.sun.javafx.sg.prism.NGNode.doRender(NGNode.java:2072)
	at com.sun.javafx.sg.prism.NGNode.render(NGNode.java:1964)
	at com.sun.javafx.sg.prism.NGGroup.renderContent(NGGroup.java:270)
	at com.sun.javafx.sg.prism.NGRegion.renderContent(NGRegion.java:579)
	at com.sun.javafx.sg.prism.NGNode.doRender(NGNode.java:2072)
	at com.sun.javafx.sg.prism.NGNode.render(NGNode.java:1964)
	at com.sun.javafx.tk.quantum.ViewPainter.doPaint(ViewPainter.java:480)
	at com.sun.javafx.tk.quantum.ViewPainter.paintImpl(ViewPainter.java:321)
	at com.sun.javafx.tk.quantum.PresentingPainter.run(PresentingPainter.java:92)
	at java.base/java.util.concurrent.Executors$RunnableAdapter.call(Executors.java:539)
	at java.base/java.util.concurrent.FutureTask.runAndReset(FutureTask.java:305)
	at com.sun.javafx.tk.RenderJob.run(RenderJob.java:58)
	at java.base/java.util.concurrent.ThreadPoolExecutor.runWorker(ThreadPoolExecutor.java:1136)
	at java.base/java.util.concurrent.ThreadPoolExecutor$Worker.run(ThreadPoolExecutor.java:635)
	at com.sun.javafx.tk.quantum.QuantumRenderer$PipelineRunnable.run(QuantumRenderer.java:126)
	at java.base/java.lang.Thread.run(Thread.java:840)
Caused by: java.lang.ExceptionInInitializerError: Exception java.lang.NoClassDefFoundError: sun/misc/Unsafe [in thread "QuantumRenderer-0"]
	at com.sun.marlin.OffHeapArray$1.run(OffHeapArray.java:51)
	at com.sun.marlin.OffHeapArray$1.run(OffHeapArray.java:46)
	at java.base/java.security.AccessController.doPrivileged(AccessController.java:318)
	at com.sun.marlin.OffHeapArray.<clinit>(OffHeapArray.java:46)
	at com.sun.marlin.Renderer.<clinit>(Renderer.java:53)
	at com.sun.marlin.DMarlinRenderingEngine.logSettings(DMarlinRenderingEngine.java:232)
	at com.sun.marlin.DMarlinRenderingEngine.<clinit>(DMarlinRenderingEngine.java:114)
	at com.sun.prism.impl.shape.DMarlinRasterizer.getMaskData(DMarlinRasterizer.java:80)
	at com.sun.prism.impl.shape.ShapeUtil.rasterizeShape(ShapeUtil.java:55)
	at com.sun.prism.impl.ps.BaseShaderGraphics.renderShape(BaseShaderGraphics.java:463)
	at com.sun.prism.impl.BaseGraphics.fill(BaseGraphics.java:385)
	at com.sun.javafx.sg.prism.NGRegion.renderBackgroundRectanglesDirectly(NGRegion.java:1134)
	at com.sun.javafx.sg.prism.NGRegion.renderBackgroundRectangle(NGRegion.java:834)
	at com.sun.javafx.sg.prism.NGRegion.renderAsRectangle(NGRegion.java:754)
	at com.sun.javafx.sg.prism.NGRegion.renderContent(NGRegion.java:575)
	at com.sun.javafx.sg.prism.NGNode.doRender(NGNode.java:2072)
	at com.sun.javafx.sg.prism.NGNode.render(NGNode.java:1964)
	at com.sun.javafx.sg.prism.NGGroup.renderContent(NGGroup.java:270)
	at com.sun.javafx.sg.prism.NGRegion.renderContent(NGRegion.java:579)
	at com.sun.javafx.sg.prism.NGNode.doRender(NGNode.java:2072)
	at com.sun.javafx.sg.prism.NGNode.render(NGNode.java:1964)
	at com.sun.javafx.tk.quantum.ViewPainter.doPaint(ViewPainter.java:480)
	at com.sun.javafx.tk.quantum.ViewPainter.paintImpl(ViewPainter.java:329)
	... 8 more
java.lang.NoClassDefFoundError: Could not initialize class com.sun.marlin.DMarlinRenderingEngine
	at com.sun.prism.impl.shape.DMarlinRasterizer.getMaskData(DMarlinRasterizer.java:80)
	at com.sun.prism.impl.shape.ShapeUtil.rasterizeShape(ShapeUtil.java:55)
	at com.sun.prism.impl.ps.BaseShaderGraphics.renderShape(BaseShaderGraphics.java:463)
	at com.sun.prism.impl.BaseGraphics.fill(BaseGraphics.java:385)
	at com.sun.prism.impl.ps.CachingShapeRepState.fillNoCache(CachingShapeRep.java:403)
	at com.sun.prism.impl.ps.CachingShapeRepState.render(CachingShapeRep.java:503)
	at com.sun.prism.impl.ps.CachingShapeRep.fill(CachingShapeRep.java:106)
	at com.sun.javafx.sg.prism.NGShape.renderContent2D(NGShape.java:288)
	at com.sun.javafx.sg.prism.NGShape.renderContent(NGShape.java:261)
	at com.sun.javafx.sg.prism.NGNode.doRender(NGNode.java:2072)
	at com.sun.javafx.sg.prism.NGNode.render(NGNode.java:1964)
	at com.sun.javafx.sg.prism.NGGroup.renderContent(NGGroup.java:270)
	at com.sun.javafx.sg.prism.NGNode.doRender(NGNode.java:2072)
	at com.sun.javafx.sg.prism.NGNode.render(NGNode.java:1964)
	at com.sun.javafx.sg.prism.NGGroup.renderContent(NGGroup.java:270)
	at com.sun.javafx.sg.prism.NGRegion.renderContent(NGRegion.java:579)
	at com.sun.javafx.sg.prism.NGNode.renderForClip(NGNode.java:2313)
	at com.sun.javafx.sg.prism.NGNode.renderRectClip(NGNode.java:2207)
	at com.sun.javafx.sg.prism.NGNode.renderClip(NGNode.java:2233)
	at com.sun.javafx.sg.prism.NGNode.doRender(NGNode.java:2066)
	at com.sun.javafx.sg.prism.NGNode.render(NGNode.java:1964)
	at com.sun.javafx.sg.prism.NGGroup.renderContent(NGGroup.java:270)
	at com.sun.javafx.sg.prism.NGRegion.renderContent(NGRegion.java:579)
	at com.sun.javafx.sg.prism.NGNode.doRender(NGNode.java:2072)
	at com.sun.javafx.sg.prism.NGNode.render(NGNode.java:1964)
	at com.sun.javafx.sg.prism.NGGroup.renderContent(NGGroup.java:270)
	at com.sun.javafx.sg.prism.NGRegion.renderContent(NGRegion.java:579)
	at com.sun.javafx.sg.prism.NGNode.doRender(NGNode.java:2072)
	at com.sun.javafx.sg.prism.NGNode.render(NGNode.java:1964)
	at com.sun.javafx.tk.quantum.ViewPainter.doPaint(ViewPainter.java:480)
	at com.sun.javafx.tk.quantum.ViewPainter.paintImpl(ViewPainter.java:321)
	at com.sun.javafx.tk.quantum.PresentingPainter.run(PresentingPainter.java:92)
	at java.base/java.util.concurrent.Executors$RunnableAdapter.call(Executors.java:539)
	at java.base/java.util.concurrent.FutureTask.runAndReset(FutureTask.java:305)
	at com.sun.javafx.tk.RenderJob.run(RenderJob.java:58)
	at java.base/java.util.concurrent.ThreadPoolExecutor.runWorker(ThreadPoolExecutor.java:1136)
	at java.base/java.util.concurrent.ThreadPoolExecutor$Worker.run(ThreadPoolExecutor.java:635)
	at com.sun.javafx.tk.quantum.QuantumRenderer$PipelineRunnable.run(QuantumRenderer.java:126)
	at java.base/java.lang.Thread.run(Thread.java:840)
Caused by: java.lang.ExceptionInInitializerError: Exception java.lang.NoClassDefFoundError: sun/misc/Unsafe [in thread "QuantumRenderer-0"]
	at com.sun.marlin.OffHeapArray$1.run(OffHeapArray.java:51)
	at com.sun.marlin.OffHeapArray$1.run(OffHeapArray.java:46)
	at java.base/java.security.AccessController.doPrivileged(AccessController.java:318)
	at com.sun.marlin.OffHeapArray.<clinit>(OffHeapArray.java:46)
	at com.sun.marlin.Renderer.<clinit>(Renderer.java:53)
	at com.sun.marlin.DMarlinRenderingEngine.logSettings(DMarlinRenderingEngine.java:232)
	at com.sun.marlin.DMarlinRenderingEngine.<clinit>(DMarlinRenderingEngine.java:114)
	at com.sun.prism.impl.shape.DMarlinRasterizer.getMaskData(DMarlinRasterizer.java:80)
	at com.sun.prism.impl.shape.ShapeUtil.rasterizeShape(ShapeUtil.java:55)
	at com.sun.prism.impl.ps.BaseShaderGraphics.renderShape(BaseShaderGraphics.java:463)
	at com.sun.prism.impl.BaseGraphics.fill(BaseGraphics.java:385)
	at com.sun.javafx.sg.prism.NGRegion.renderBackgroundRectanglesDirectly(NGRegion.java:1134)
	at com.sun.javafx.sg.prism.NGRegion.renderBackgroundRectangle(NGRegion.java:834)
	at com.sun.javafx.sg.prism.NGRegion.renderAsRectangle(NGRegion.java:754)
	at com.sun.javafx.sg.prism.NGRegion.renderContent(NGRegion.java:575)
	at com.sun.javafx.sg.prism.NGNode.doRender(NGNode.java:2072)
	at com.sun.javafx.sg.prism.NGNode.render(NGNode.java:1964)
	at com.sun.javafx.sg.prism.NGGroup.renderContent(NGGroup.java:270)
	at com.sun.javafx.sg.prism.NGRegion.renderContent(NGRegion.java:579)
	at com.sun.javafx.sg.prism.NGNode.doRender(NGNode.java:2072)
	at com.sun.javafx.sg.prism.NGNode.render(NGNode.java:1964)
	at com.sun.javafx.tk.quantum.ViewPainter.doPaint(ViewPainter.java:480)
	at com.sun.javafx.tk.quantum.ViewPainter.paintImpl(ViewPainter.java:329)
	... 8 more
java.lang.NoClassDefFoundError: Could not initialize class com.sun.marlin.DMarlinRenderingEngine
	at com.sun.prism.impl.shape.DMarlinRasterizer.getMaskData(DMarlinRasterizer.java:80)
	at com.sun.prism.impl.shape.ShapeUtil.rasterizeShape(ShapeUtil.java:55)
	at com.sun.prism.impl.ps.BaseShaderGraphics.renderShape(BaseShaderGraphics.java:463)
	at com.sun.prism.impl.BaseGraphics.fill(BaseGraphics.java:385)
	at com.sun.prism.impl.ps.CachingShapeRepState.fillNoCache(CachingShapeRep.java:403)
	at com.sun.prism.impl.ps.CachingShapeRepState.render(CachingShapeRep.java:503)
	at com.sun.prism.impl.ps.CachingShapeRep.fill(CachingShapeRep.java:106)
	at com.sun.javafx.sg.prism.NGShape.renderContent2D(NGShape.java:288)
	at com.sun.javafx.sg.prism.NGShape.renderContent(NGShape.java:261)
	at com.sun.javafx.sg.prism.NGNode.doRender(NGNode.java:2072)
	at com.sun.javafx.sg.prism.NGNode.render(NGNode.java:1964)
	at com.sun.javafx.sg.prism.NGGroup.renderContent(NGGroup.java:270)
	at com.sun.javafx.sg.prism.NGNode.doRender(NGNode.java:2072)
	at com.sun.javafx.sg.prism.NGNode.render(NGNode.java:1964)
	at com.sun.javafx.sg.prism.NGGroup.renderContent(NGGroup.java:270)
	at com.sun.javafx.sg.prism.NGRegion.renderContent(NGRegion.java:579)
	at com.sun.javafx.sg.prism.NGNode.renderForClip(NGNode.java:2313)
	at com.sun.javafx.sg.prism.NGNode.renderRectClip(NGNode.java:2207)
	at com.sun.javafx.sg.prism.NGNode.renderClip(NGNode.java:2233)
	at com.sun.javafx.sg.prism.NGNode.doRender(NGNode.java:2066)
	at com.sun.javafx.sg.prism.NGNode.render(NGNode.java:1964)
	at com.sun.javafx.sg.prism.NGGroup.renderContent(NGGroup.java:270)
	at com.sun.javafx.sg.prism.NGRegion.renderContent(NGRegion.java:579)
	at com.sun.javafx.sg.prism.NGNode.doRender(NGNode.java:2072)
	at com.sun.javafx.sg.prism.NGNode.render(NGNode.java:1964)
	at com.sun.javafx.sg.prism.NGGroup.renderContent(NGGroup.java:270)
	at com.sun.javafx.sg.prism.NGRegion.renderContent(NGRegion.java:579)
	at com.sun.javafx.sg.prism.NGNode.doRender(NGNode.java:2072)
	at com.sun.javafx.sg.prism.NGNode.render(NGNode.java:1964)
	at com.sun.javafx.tk.quantum.ViewPainter.doPaint(ViewPainter.java:480)
	at com.sun.javafx.tk.quantum.ViewPainter.paintImpl(ViewPainter.java:321)
	at com.sun.javafx.tk.quantum.PresentingPainter.run(PresentingPainter.java:92)
	at java.base/java.util.concurrent.Executors$RunnableAdapter.call(Executors.java:539)
	at java.base/java.util.concurrent.FutureTask.runAndReset(FutureTask.java:305)
	at com.sun.javafx.tk.RenderJob.run(RenderJob.java:58)
	at java.base/java.util.concurrent.ThreadPoolExecutor.runWorker(ThreadPoolExecutor.java:1136)
	at java.base/java.util.concurrent.ThreadPoolExecutor$Worker.run(ThreadPoolExecutor.java:635)
	at com.sun.javafx.tk.quantum.QuantumRenderer$PipelineRunnable.run(QuantumRenderer.java:126)
	at java.base/java.lang.Thread.run(Thread.java:840)
Caused by: java.lang.ExceptionInInitializerError: Exception java.lang.NoClassDefFoundError: sun/misc/Unsafe [in thread "QuantumRenderer-0"]
	at com.sun.marlin.OffHeapArray$1.run(OffHeapArray.java:51)
	at com.sun.marlin.OffHeapArray$1.run(OffHeapArray.java:46)
	at java.base/java.security.AccessController.doPrivileged(AccessController.java:318)
	at com.sun.marlin.OffHeapArray.<clinit>(OffHeapArray.java:46)
	at com.sun.marlin.Renderer.<clinit>(Renderer.java:53)
	at com.sun.marlin.DMarlinRenderingEngine.logSettings(DMarlinRenderingEngine.java:232)
	at com.sun.marlin.DMarlinRenderingEngine.<clinit>(DMarlinRenderingEngine.java:114)
	at com.sun.prism.impl.shape.DMarlinRasterizer.getMaskData(DMarlinRasterizer.java:80)
	at com.sun.prism.impl.shape.ShapeUtil.rasterizeShape(ShapeUtil.java:55)
	at com.sun.prism.impl.ps.BaseShaderGraphics.renderShape(BaseShaderGraphics.java:463)
	at com.sun.prism.impl.BaseGraphics.fill(BaseGraphics.java:385)
	at com.sun.javafx.sg.prism.NGRegion.renderBackgroundRectanglesDirectly(NGRegion.java:1134)
	at com.sun.javafx.sg.prism.NGRegion.renderBackgroundRectangle(NGRegion.java:834)
	at com.sun.javafx.sg.prism.NGRegion.renderAsRectangle(NGRegion.java:754)
	at com.sun.javafx.sg.prism.NGRegion.renderContent(NGRegion.java:575)
	at com.sun.javafx.sg.prism.NGNode.doRender(NGNode.java:2072)
	at com.sun.javafx.sg.prism.NGNode.render(NGNode.java:1964)
	at com.sun.javafx.sg.prism.NGGroup.renderContent(NGGroup.java:270)
	at com.sun.javafx.sg.prism.NGRegion.renderContent(NGRegion.java:579)
	at com.sun.javafx.sg.prism.NGNode.doRender(NGNode.java:2072)
	at com.sun.javafx.sg.prism.NGNode.render(NGNode.java:1964)
	at com.sun.javafx.tk.quantum.ViewPainter.doPaint(ViewPainter.java:480)
	at com.sun.javafx.tk.quantum.ViewPainter.paintImpl(ViewPainter.java:329)
	... 8 more
java.lang.NoClassDefFoundError: Could not initialize class com.sun.marlin.DMarlinRenderingEngine
	at com.sun.prism.impl.shape.DMarlinRasterizer.getMaskData(DMarlinRasterizer.java:80)
	at com.sun.prism.impl.shape.ShapeUtil.rasterizeShape(ShapeUtil.java:55)
	at com.sun.prism.impl.ps.BaseShaderGraphics.renderShape(BaseShaderGraphics.java:463)
	at com.sun.prism.impl.BaseGraphics.fill(BaseGraphics.java:385)
	at com.sun.prism.impl.ps.CachingShapeRepState.fillNoCache(CachingShapeRep.java:403)
	at com.sun.prism.impl.ps.CachingShapeRepState.render(CachingShapeRep.java:503)
	at com.sun.prism.impl.ps.CachingShapeRep.fill(CachingShapeRep.java:106)
	at com.sun.javafx.sg.prism.NGShape.renderContent2D(NGShape.java:288)
	at com.sun.javafx.sg.prism.NGShape.renderContent(NGShape.java:261)
	at com.sun.javafx.sg.prism.NGNode.doRender(NGNode.java:2072)
	at com.sun.javafx.sg.prism.NGNode.render(NGNode.java:1964)
	at com.sun.javafx.sg.prism.NGGroup.renderContent(NGGroup.java:270)
	at com.sun.javafx.sg.prism.NGNode.doRender(NGNode.java:2072)
	at com.sun.javafx.sg.prism.NGNode.render(NGNode.java:1964)
	at com.sun.javafx.sg.prism.NGGroup.renderContent(NGGroup.java:270)
	at com.sun.javafx.sg.prism.NGRegion.renderContent(NGRegion.java:579)
	at com.sun.javafx.sg.prism.NGNode.renderForClip(NGNode.java:2313)
	at com.sun.javafx.sg.prism.NGNode.renderRectClip(NGNode.java:2207)
	at com.sun.javafx.sg.prism.NGNode.renderClip(NGNode.java:2233)
	at com.sun.javafx.sg.prism.NGNode.doRender(NGNode.java:2066)
	at com.sun.javafx.sg.prism.NGNode.render(NGNode.java:1964)
	at com.sun.javafx.sg.prism.NGGroup.renderContent(NGGroup.java:270)
	at com.sun.javafx.sg.prism.NGRegion.renderContent(NGRegion.java:579)
	at com.sun.javafx.sg.prism.NGNode.doRender(NGNode.java:2072)
	at com.sun.javafx.sg.prism.NGNode.render(NGNode.java:1964)
	at com.sun.javafx.sg.prism.NGGroup.renderContent(NGGroup.java:270)
	at com.sun.javafx.sg.prism.NGRegion.renderContent(NGRegion.java:579)
	at com.sun.javafx.sg.prism.NGNode.doRender(NGNode.java:2072)
	at com.sun.javafx.sg.prism.NGNode.render(NGNode.java:1964)
	at com.sun.javafx.tk.quantum.ViewPainter.doPaint(ViewPainter.java:480)
	at com.sun.javafx.tk.quantum.ViewPainter.paintImpl(ViewPainter.java:321)
	at com.sun.javafx.tk.quantum.PresentingPainter.run(PresentingPainter.java:92)
	at java.base/java.util.concurrent.Executors$RunnableAdapter.call(Executors.java:539)
	at java.base/java.util.concurrent.FutureTask.runAndReset(FutureTask.java:305)
	at com.sun.javafx.tk.RenderJob.run(RenderJob.java:58)
	at java.base/java.util.concurrent.ThreadPoolExecutor.runWorker(ThreadPoolExecutor.java:1136)
	at java.base/java.util.concurrent.ThreadPoolExecutor$Worker.run(ThreadPoolExecutor.java:635)
	at com.sun.javafx.tk.quantum.QuantumRenderer$PipelineRunnable.run(QuantumRenderer.java:126)
	at java.base/java.lang.Thread.run(Thread.java:840)
Caused by: java.lang.ExceptionInInitializerError: Exception java.lang.NoClassDefFoundError: sun/misc/Unsafe [in thread "QuantumRenderer-0"]
	at com.sun.marlin.OffHeapArray$1.run(OffHeapArray.java:51)
	at com.sun.marlin.OffHeapArray$1.run(OffHeapArray.java:46)
	at java.base/java.security.AccessController.doPrivileged(AccessController.java:318)
	at com.sun.marlin.OffHeapArray.<clinit>(OffHeapArray.java:46)
	at com.sun.marlin.Renderer.<clinit>(Renderer.java:53)
	at com.sun.marlin.DMarlinRenderingEngine.logSettings(DMarlinRenderingEngine.java:232)
	at com.sun.marlin.DMarlinRenderingEngine.<clinit>(DMarlinRenderingEngine.java:114)
	at com.sun.prism.impl.shape.DMarlinRasterizer.getMaskData(DMarlinRasterizer.java:80)
	at com.sun.prism.impl.shape.ShapeUtil.rasterizeShape(ShapeUtil.java:55)
	at com.sun.prism.impl.ps.BaseShaderGraphics.renderShape(BaseShaderGraphics.java:463)
	at com.sun.prism.impl.BaseGraphics.fill(BaseGraphics.java:385)
	at com.sun.javafx.sg.prism.NGRegion.renderBackgroundRectanglesDirectly(NGRegion.java:1134)
	at com.sun.javafx.sg.prism.NGRegion.renderBackgroundRectangle(NGRegion.java:834)
	at com.sun.javafx.sg.prism.NGRegion.renderAsRectangle(NGRegion.java:754)
	at com.sun.javafx.sg.prism.NGRegion.renderContent(NGRegion.java:575)
	at com.sun.javafx.sg.prism.NGNode.doRender(NGNode.java:2072)
	at com.sun.javafx.sg.prism.NGNode.render(NGNode.java:1964)
	at com.sun.javafx.sg.prism.NGGroup.renderContent(NGGroup.java:270)
	at com.sun.javafx.sg.prism.NGRegion.renderContent(NGRegion.java:579)
	at com.sun.javafx.sg.prism.NGNode.doRender(NGNode.java:2072)
	at com.sun.javafx.sg.prism.NGNode.render(NGNode.java:1964)
	at com.sun.javafx.tk.quantum.ViewPainter.doPaint(ViewPainter.java:480)
	at com.sun.javafx.tk.quantum.ViewPainter.paintImpl(ViewPainter.java:329)
	... 8 more
java.lang.NoClassDefFoundError: Could not initialize class com.sun.marlin.DMarlinRenderingEngine
	at com.sun.prism.impl.shape.DMarlinRasterizer.getMaskData(DMarlinRasterizer.java:80)
	at com.sun.prism.impl.shape.ShapeUtil.rasterizeShape(ShapeUtil.java:55)
	at com.sun.prism.impl.ps.BaseShaderGraphics.renderShape(BaseShaderGraphics.java:463)
	at com.sun.prism.impl.BaseGraphics.fill(BaseGraphics.java:385)
	at com.sun.prism.impl.ps.CachingShapeRepState.fillNoCache(CachingShapeRep.java:403)
	at com.sun.prism.impl.ps.CachingShapeRepState.render(CachingShapeRep.java:503)
	at com.sun.prism.impl.ps.CachingShapeRep.fill(CachingShapeRep.java:106)
	at com.sun.javafx.sg.prism.NGShape.renderContent2D(NGShape.java:288)
	at com.sun.javafx.sg.prism.NGShape.renderContent(NGShape.java:261)
	at com.sun.javafx.sg.prism.NGNode.doRender(NGNode.java:2072)
	at com.sun.javafx.sg.prism.NGNode.render(NGNode.java:1964)
	at com.sun.javafx.sg.prism.NGGroup.renderContent(NGGroup.java:270)
	at com.sun.javafx.sg.prism.NGNode.doRender(NGNode.java:2072)
	at com.sun.javafx.sg.prism.NGNode.render(NGNode.java:1964)
	at com.sun.javafx.sg.prism.NGGroup.renderContent(NGGroup.java:270)
	at com.sun.javafx.sg.prism.NGRegion.renderContent(NGRegion.java:579)
	at com.sun.javafx.sg.prism.NGNode.renderForClip(NGNode.java:2313)
	at com.sun.javafx.sg.prism.NGNode.renderRectClip(NGNode.java:2207)
	at com.sun.javafx.sg.prism.NGNode.renderClip(NGNode.java:2233)
	at com.sun.javafx.sg.prism.NGNode.doRender(NGNode.java:2066)
	at com.sun.javafx.sg.prism.NGNode.render(NGNode.java:1964)
	at com.sun.javafx.sg.prism.NGGroup.renderContent(NGGroup.java:270)
	at com.sun.javafx.sg.prism.NGRegion.renderContent(NGRegion.java:579)
	at com.sun.javafx.sg.prism.NGNode.doRender(NGNode.java:2072)
	at com.sun.javafx.sg.prism.NGNode.render(NGNode.java:1964)
	at com.sun.javafx.sg.prism.NGGroup.renderContent(NGGroup.java:270)
	at com.sun.javafx.sg.prism.NGRegion.renderContent(NGRegion.java:579)
	at com.sun.javafx.sg.prism.NGNode.doRender(NGNode.java:2072)
	at com.sun.javafx.sg.prism.NGNode.render(NGNode.java:1964)
	at com.sun.javafx.tk.quantum.ViewPainter.doPaint(ViewPainter.java:480)
	at com.sun.javafx.tk.quantum.ViewPainter.paintImpl(ViewPainter.java:321)
	at com.sun.javafx.tk.quantum.PresentingPainter.run(PresentingPainter.java:92)
	at java.base/java.util.concurrent.Executors$RunnableAdapter.call(Executors.java:539)
	at java.base/java.util.concurrent.FutureTask.runAndReset(FutureTask.java:305)
	at com.sun.javafx.tk.RenderJob.run(RenderJob.java:58)
	at java.base/java.util.concurrent.ThreadPoolExecutor.runWorker(ThreadPoolExecutor.java:1136)
	at java.base/java.util.concurrent.ThreadPoolExecutor$Worker.run(ThreadPoolExecutor.java:635)
	at com.sun.javafx.tk.quantum.QuantumRenderer$PipelineRunnable.run(QuantumRenderer.java:126)
	at java.base/java.lang.Thread.run(Thread.java:840)
Caused by: java.lang.ExceptionInInitializerError: Exception java.lang.NoClassDefFoundError: sun/misc/Unsafe [in thread "QuantumRenderer-0"]
	at com.sun.marlin.OffHeapArray$1.run(OffHeapArray.java:51)
	at com.sun.marlin.OffHeapArray$1.run(OffHeapArray.java:46)
	at java.base/java.security.AccessController.doPrivileged(AccessController.java:318)
	at com.sun.marlin.OffHeapArray.<clinit>(OffHeapArray.java:46)
	at com.sun.marlin.Renderer.<clinit>(Renderer.java:53)
	at com.sun.marlin.DMarlinRenderingEngine.logSettings(DMarlinRenderingEngine.java:232)
	at com.sun.marlin.DMarlinRenderingEngine.<clinit>(DMarlinRenderingEngine.java:114)
	at com.sun.prism.impl.shape.DMarlinRasterizer.getMaskData(DMarlinRasterizer.java:80)
	at com.sun.prism.impl.shape.ShapeUtil.rasterizeShape(ShapeUtil.java:55)
	at com.sun.prism.impl.ps.BaseShaderGraphics.renderShape(BaseShaderGraphics.java:463)
	at com.sun.prism.impl.BaseGraphics.fill(BaseGraphics.java:385)
	at com.sun.javafx.sg.prism.NGRegion.renderBackgroundRectanglesDirectly(NGRegion.java:1134)
	at com.sun.javafx.sg.prism.NGRegion.renderBackgroundRectangle(NGRegion.java:834)
	at com.sun.javafx.sg.prism.NGRegion.renderAsRectangle(NGRegion.java:754)
	at com.sun.javafx.sg.prism.NGRegion.renderContent(NGRegion.java:575)
	at com.sun.javafx.sg.prism.NGNode.doRender(NGNode.java:2072)
	at com.sun.javafx.sg.prism.NGNode.render(NGNode.java:1964)
	at com.sun.javafx.sg.prism.NGGroup.renderContent(NGGroup.java:270)
	at com.sun.javafx.sg.prism.NGRegion.renderContent(NGRegion.java:579)
	at com.sun.javafx.sg.prism.NGNode.doRender(NGNode.java:2072)
	at com.sun.javafx.sg.prism.NGNode.render(NGNode.java:1964)
	at com.sun.javafx.tk.quantum.ViewPainter.doPaint(ViewPainter.java:480)
	at com.sun.javafx.tk.quantum.ViewPainter.paintImpl(ViewPainter.java:329)
	... 8 more
java.lang.NoClassDefFoundError: Could not initialize class com.sun.marlin.DMarlinRenderingEngine
	at com.sun.prism.impl.shape.DMarlinRasterizer.getMaskData(DMarlinRasterizer.java:80)
	at com.sun.prism.impl.shape.ShapeUtil.rasterizeShape(ShapeUtil.java:55)
	at com.sun.prism.impl.ps.BaseShaderGraphics.renderShape(BaseShaderGraphics.java:463)
	at com.sun.prism.impl.BaseGraphics.fill(BaseGraphics.java:385)
	at com.sun.prism.impl.ps.CachingShapeRepState.fillNoCache(CachingShapeRep.java:403)
	at com.sun.prism.impl.ps.CachingShapeRepState.render(CachingShapeRep.java:503)
	at com.sun.prism.impl.ps.CachingShapeRep.fill(CachingShapeRep.java:106)
	at com.sun.javafx.sg.prism.NGShape.renderContent2D(NGShape.java:288)
	at com.sun.javafx.sg.prism.NGShape.renderContent(NGShape.java:261)
	at com.sun.javafx.sg.prism.NGNode.doRender(NGNode.java:2072)
	at com.sun.javafx.sg.prism.NGNode.render(NGNode.java:1964)
	at com.sun.javafx.sg.prism.NGGroup.renderContent(NGGroup.java:270)
	at com.sun.javafx.sg.prism.NGNode.doRender(NGNode.java:2072)
	at com.sun.javafx.sg.prism.NGNode.render(NGNode.java:1964)
	at com.sun.javafx.sg.prism.NGGroup.renderContent(NGGroup.java:270)
	at com.sun.javafx.sg.prism.NGRegion.renderContent(NGRegion.java:579)
	at com.sun.javafx.sg.prism.NGNode.renderForClip(NGNode.java:2313)
	at com.sun.javafx.sg.prism.NGNode.renderRectClip(NGNode.java:2207)
	at com.sun.javafx.sg.prism.NGNode.renderClip(NGNode.java:2233)
	at com.sun.javafx.sg.prism.NGNode.doRender(NGNode.java:2066)
	at com.sun.javafx.sg.prism.NGNode.render(NGNode.java:1964)
	at com.sun.javafx.sg.prism.NGGroup.renderContent(NGGroup.java:270)
	at com.sun.javafx.sg.prism.NGRegion.renderContent(NGRegion.java:579)
	at com.sun.javafx.sg.prism.NGNode.doRender(NGNode.java:2072)
	at com.sun.javafx.sg.prism.NGNode.render(NGNode.java:1964)
	at com.sun.javafx.sg.prism.NGGroup.renderContent(NGGroup.java:270)
	at com.sun.javafx.sg.prism.NGRegion.renderContent(NGRegion.java:579)
	at com.sun.javafx.sg.prism.NGNode.doRender(NGNode.java:2072)
	at com.sun.javafx.sg.prism.NGNode.render(NGNode.java:1964)
	at com.sun.javafx.tk.quantum.ViewPainter.doPaint(ViewPainter.java:480)
	at com.sun.javafx.tk.quantum.ViewPainter.paintImpl(ViewPainter.java:321)
	at com.sun.javafx.tk.quantum.PresentingPainter.run(PresentingPainter.java:92)
	at java.base/java.util.concurrent.Executors$RunnableAdapter.call(Executors.java:539)
	at java.base/java.util.concurrent.FutureTask.runAndReset(FutureTask.java:305)
	at com.sun.javafx.tk.RenderJob.run(RenderJob.java:58)
	at java.base/java.util.concurrent.ThreadPoolExecutor.runWorker(ThreadPoolExecutor.java:1136)
	at java.base/java.util.concurrent.ThreadPoolExecutor$Worker.run(ThreadPoolExecutor.java:635)
	at com.sun.javafx.tk.quantum.QuantumRenderer$PipelineRunnable.run(QuantumRenderer.java:126)
	at java.base/java.lang.Thread.run(Thread.java:840)
Caused by: java.lang.ExceptionInInitializerError: Exception java.lang.NoClassDefFoundError: sun/misc/Unsafe [in thread "QuantumRenderer-0"]
	at com.sun.marlin.OffHeapArray$1.run(OffHeapArray.java:51)
	at com.sun.marlin.OffHeapArray$1.run(OffHeapArray.java:46)
	at java.base/java.security.AccessController.doPrivileged(AccessController.java:318)
	at com.sun.marlin.OffHeapArray.<clinit>(OffHeapArray.java:46)
	at com.sun.marlin.Renderer.<clinit>(Renderer.java:53)
	at com.sun.marlin.DMarlinRenderingEngine.logSettings(DMarlinRenderingEngine.java:232)
	at com.sun.marlin.DMarlinRenderingEngine.<clinit>(DMarlinRenderingEngine.java:114)
	at com.sun.prism.impl.shape.DMarlinRasterizer.getMaskData(DMarlinRasterizer.java:80)
	at com.sun.prism.impl.shape.ShapeUtil.rasterizeShape(ShapeUtil.java:55)
	at com.sun.prism.impl.ps.BaseShaderGraphics.renderShape(BaseShaderGraphics.java:463)
	at com.sun.prism.impl.BaseGraphics.fill(BaseGraphics.java:385)
	at com.sun.javafx.sg.prism.NGRegion.renderBackgroundRectanglesDirectly(NGRegion.java:1134)
	at com.sun.javafx.sg.prism.NGRegion.renderBackgroundRectangle(NGRegion.java:834)
	at com.sun.javafx.sg.prism.NGRegion.renderAsRectangle(NGRegion.java:754)
	at com.sun.javafx.sg.prism.NGRegion.renderContent(NGRegion.java:575)
	at com.sun.javafx.sg.prism.NGNode.doRender(NGNode.java:2072)
	at com.sun.javafx.sg.prism.NGNode.render(NGNode.java:1964)
	at com.sun.javafx.sg.prism.NGGroup.renderContent(NGGroup.java:270)
	at com.sun.javafx.sg.prism.NGRegion.renderContent(NGRegion.java:579)
	at com.sun.javafx.sg.prism.NGNode.doRender(NGNode.java:2072)
	at com.sun.javafx.sg.prism.NGNode.render(NGNode.java:1964)
	at com.sun.javafx.tk.quantum.ViewPainter.doPaint(ViewPainter.java:480)
	at com.sun.javafx.tk.quantum.ViewPainter.paintImpl(ViewPainter.java:329)
	... 8 more
